<!DOCTYPE html>
<html>
  <head>
    <meta charset="utf-8"/>
    <title>report.html</title>
    <style>body {
  font-family: Helvetica, Arial, sans-serif;
  font-size: 12px;
  /* do not increase min-width as some may use split screens */
  min-width: 800px;
  color: #999;
}

h1 {
  font-size: 24px;
  color: black;
}

h2 {
  font-size: 16px;
  color: black;
}

p {
  color: black;
}

a {
  color: #999;
}

table {
  border-collapse: collapse;
}

/******************************
 * SUMMARY INFORMATION
 ******************************/
#environment td {
  padding: 5px;
  border: 1px solid #E6E6E6;
}
#environment tr:nth-child(odd) {
  background-color: #f6f6f6;
}

/******************************
 * TEST RESULT COLORS
 ******************************/
span.passed,
.passed .col-result {
  color: green;
}

span.skipped,
span.xfailed,
span.rerun,
.skipped .col-result,
.xfailed .col-result,
.rerun .col-result {
  color: orange;
}

span.error,
span.failed,
span.xpassed,
.error .col-result,
.failed .col-result,
.xpassed .col-result {
  color: red;
}

/******************************
 * RESULTS TABLE
 *
 * 1. Table Layout
 * 2. Extra
 * 3. Sorting items
 *
 ******************************/
/*------------------
 * 1. Table Layout
 *------------------*/
#results-table {
  border: 1px solid #e6e6e6;
  color: #999;
  font-size: 12px;
  width: 100%;
}
#results-table th,
#results-table td {
  padding: 5px;
  border: 1px solid #E6E6E6;
  text-align: left;
}
#results-table th {
  font-weight: bold;
}

/*------------------
 * 2. Extra
 *------------------*/
.log {
  background-color: #e6e6e6;
  border: 1px solid #e6e6e6;
  color: black;
  display: block;
  font-family: "Courier New", Courier, monospace;
  height: 230px;
  overflow-y: scroll;
  padding: 5px;
  white-space: pre-wrap;
}
.log:only-child {
  height: inherit;
}

div.image {
  border: 1px solid #e6e6e6;
  float: right;
  height: 240px;
  margin-left: 5px;
  overflow: hidden;
  width: 320px;
}
div.image img {
  width: 320px;
}

div.video {
  border: 1px solid #e6e6e6;
  float: right;
  height: 240px;
  margin-left: 5px;
  overflow: hidden;
  width: 320px;
}
div.video video {
  overflow: hidden;
  width: 320px;
  height: 240px;
}

.collapsed {
  display: none;
}

.expander::after {
  content: " (show details)";
  color: #BBB;
  font-style: italic;
  cursor: pointer;
}

.collapser::after {
  content: " (hide details)";
  color: #BBB;
  font-style: italic;
  cursor: pointer;
}

/*------------------
 * 3. Sorting items
 *------------------*/
.sortable {
  cursor: pointer;
}

.sort-icon {
  font-size: 0px;
  float: left;
  margin-right: 5px;
  margin-top: 5px;
  /*triangle*/
  width: 0;
  height: 0;
  border-left: 8px solid transparent;
  border-right: 8px solid transparent;
}
.inactive .sort-icon {
  /*finish triangle*/
  border-top: 8px solid #E6E6E6;
}
.asc.active .sort-icon {
  /*finish triangle*/
  border-bottom: 8px solid #999;
}
.desc.active .sort-icon {
  /*finish triangle*/
  border-top: 8px solid #999;
}
</style></head>
  <body onLoad="init()">
    <script>/* This Source Code Form is subject to the terms of the Mozilla Public
 * License, v. 2.0. If a copy of the MPL was not distributed with this file,
 * You can obtain one at http://mozilla.org/MPL/2.0/. */


function toArray(iter) {
    if (iter === null) {
        return null;
    }
    return Array.prototype.slice.call(iter);
}

function find(selector, elem) { // eslint-disable-line no-redeclare
    if (!elem) {
        elem = document;
    }
    return elem.querySelector(selector);
}

function findAll(selector, elem) {
    if (!elem) {
        elem = document;
    }
    return toArray(elem.querySelectorAll(selector));
}

function sortColumn(elem) {
    toggleSortStates(elem);
    const colIndex = toArray(elem.parentNode.childNodes).indexOf(elem);
    let key;
    if (elem.classList.contains('result')) {
        key = keyResult;
    } else if (elem.classList.contains('links')) {
        key = keyLink;
    } else {
        key = keyAlpha;
    }
    sortTable(elem, key(colIndex));
}

function showAllExtras() { // eslint-disable-line no-unused-vars
    findAll('.col-result').forEach(showExtras);
}

function hideAllExtras() { // eslint-disable-line no-unused-vars
    findAll('.col-result').forEach(hideExtras);
}

function showExtras(colresultElem) {
    const extras = colresultElem.parentNode.nextElementSibling;
    const expandcollapse = colresultElem.firstElementChild;
    extras.classList.remove('collapsed');
    expandcollapse.classList.remove('expander');
    expandcollapse.classList.add('collapser');
}

function hideExtras(colresultElem) {
    const extras = colresultElem.parentNode.nextElementSibling;
    const expandcollapse = colresultElem.firstElementChild;
    extras.classList.add('collapsed');
    expandcollapse.classList.remove('collapser');
    expandcollapse.classList.add('expander');
}

function showFilters() {
    let visibleString = getQueryParameter('visible') || 'all';
    visibleString = visibleString.toLowerCase();
    const checkedItems = visibleString.split(',');

    const filterItems = document.getElementsByClassName('filter');
    for (let i = 0; i < filterItems.length; i++) {
        filterItems[i].hidden = false;

        if (visibleString != 'all') {
            filterItems[i].checked = checkedItems.includes(filterItems[i].getAttribute('data-test-result'));
            filterTable(filterItems[i]);
        }
    }
}

function addCollapse() {
    // Add links for show/hide all
    const resulttable = find('table#results-table');
    const showhideall = document.createElement('p');
    showhideall.innerHTML = '<a href="javascript:showAllExtras()">Show all details</a> / ' +
                            '<a href="javascript:hideAllExtras()">Hide all details</a>';
    resulttable.parentElement.insertBefore(showhideall, resulttable);

    // Add show/hide link to each result
    findAll('.col-result').forEach(function(elem) {
        const collapsed = getQueryParameter('collapsed') || 'Passed';
        const extras = elem.parentNode.nextElementSibling;
        const expandcollapse = document.createElement('span');
        if (extras.classList.contains('collapsed')) {
            expandcollapse.classList.add('expander');
        } else if (collapsed.includes(elem.innerHTML)) {
            extras.classList.add('collapsed');
            expandcollapse.classList.add('expander');
        } else {
            expandcollapse.classList.add('collapser');
        }
        elem.appendChild(expandcollapse);

        elem.addEventListener('click', function(event) {
            if (event.currentTarget.parentNode.nextElementSibling.classList.contains('collapsed')) {
                showExtras(event.currentTarget);
            } else {
                hideExtras(event.currentTarget);
            }
        });
    });
}

function getQueryParameter(name) {
    const match = RegExp('[?&]' + name + '=([^&]*)').exec(window.location.search);
    return match && decodeURIComponent(match[1].replace(/\+/g, ' '));
}

function init () { // eslint-disable-line no-unused-vars
    resetSortHeaders();

    addCollapse();

    showFilters();

    sortColumn(find('.initial-sort'));

    findAll('.sortable').forEach(function(elem) {
        elem.addEventListener('click',
            function() {
                sortColumn(elem);
            }, false);
    });
}

function sortTable(clicked, keyFunc) {
    const rows = findAll('.results-table-row');
    const reversed = !clicked.classList.contains('asc');
    const sortedRows = sort(rows, keyFunc, reversed);
    /* Whole table is removed here because browsers acts much slower
     * when appending existing elements.
     */
    const thead = document.getElementById('results-table-head');
    document.getElementById('results-table').remove();
    const parent = document.createElement('table');
    parent.id = 'results-table';
    parent.appendChild(thead);
    sortedRows.forEach(function(elem) {
        parent.appendChild(elem);
    });
    document.getElementsByTagName('BODY')[0].appendChild(parent);
}

function sort(items, keyFunc, reversed) {
    const sortArray = items.map(function(item, i) {
        return [keyFunc(item), i];
    });

    sortArray.sort(function(a, b) {
        const keyA = a[0];
        const keyB = b[0];

        if (keyA == keyB) return 0;

        if (reversed) {
            return keyA < keyB ? 1 : -1;
        } else {
            return keyA > keyB ? 1 : -1;
        }
    });

    return sortArray.map(function(item) {
        const index = item[1];
        return items[index];
    });
}

function keyAlpha(colIndex) {
    return function(elem) {
        return elem.childNodes[1].childNodes[colIndex].firstChild.data.toLowerCase();
    };
}

function keyLink(colIndex) {
    return function(elem) {
        const dataCell = elem.childNodes[1].childNodes[colIndex].firstChild;
        return dataCell == null ? '' : dataCell.innerText.toLowerCase();
    };
}

function keyResult(colIndex) {
    return function(elem) {
        const strings = ['Error', 'Failed', 'Rerun', 'XFailed', 'XPassed',
            'Skipped', 'Passed'];
        return strings.indexOf(elem.childNodes[1].childNodes[colIndex].firstChild.data);
    };
}

function resetSortHeaders() {
    findAll('.sort-icon').forEach(function(elem) {
        elem.parentNode.removeChild(elem);
    });
    findAll('.sortable').forEach(function(elem) {
        const icon = document.createElement('div');
        icon.className = 'sort-icon';
        icon.textContent = 'vvv';
        elem.insertBefore(icon, elem.firstChild);
        elem.classList.remove('desc', 'active');
        elem.classList.add('asc', 'inactive');
    });
}

function toggleSortStates(elem) {
    //if active, toggle between asc and desc
    if (elem.classList.contains('active')) {
        elem.classList.toggle('asc');
        elem.classList.toggle('desc');
    }

    //if inactive, reset all other functions and add ascending active
    if (elem.classList.contains('inactive')) {
        resetSortHeaders();
        elem.classList.remove('inactive');
        elem.classList.add('active');
    }
}

function isAllRowsHidden(value) {
    return value.hidden == false;
}

function filterTable(elem) { // eslint-disable-line no-unused-vars
    const outcomeAtt = 'data-test-result';
    const outcome = elem.getAttribute(outcomeAtt);
    const classOutcome = outcome + ' results-table-row';
    const outcomeRows = document.getElementsByClassName(classOutcome);

    for(let i = 0; i < outcomeRows.length; i++){
        outcomeRows[i].hidden = !elem.checked;
    }

    const rows = findAll('.results-table-row').filter(isAllRowsHidden);
    const allRowsHidden = rows.length == 0 ? true : false;
    const notFoundMessage = document.getElementById('not-found-message');
    notFoundMessage.hidden = !allRowsHidden;
}
</script>
    <h1>report.html</h1>
    <p>Report generated on 30-May-2023 at 12:30:45 by <a href="https://pypi.python.org/pypi/pytest-html">pytest-html</a> v3.2.0</p>
    <h2>Summary</h2>
    <p>7 tests ran in 140.58 seconds. </p>
    <p class="filter" hidden="true">(Un)check the boxes to filter the results.</p><input checked="true" class="filter" data-test-result="passed" disabled="true" hidden="true" name="filter_checkbox" onChange="filterTable(this)" type="checkbox"/><span class="passed">0 passed</span>, <input checked="true" class="filter" data-test-result="skipped" disabled="true" hidden="true" name="filter_checkbox" onChange="filterTable(this)" type="checkbox"/><span class="skipped">0 skipped</span>, <input checked="true" class="filter" data-test-result="failed" hidden="true" name="filter_checkbox" onChange="filterTable(this)" type="checkbox"/><span class="failed">7 failed</span>, <input checked="true" class="filter" data-test-result="error" disabled="true" hidden="true" name="filter_checkbox" onChange="filterTable(this)" type="checkbox"/><span class="error">0 errors</span>, <input checked="true" class="filter" data-test-result="xfailed" disabled="true" hidden="true" name="filter_checkbox" onChange="filterTable(this)" type="checkbox"/><span class="xfailed">0 expected failures</span>, <input checked="true" class="filter" data-test-result="xpassed" disabled="true" hidden="true" name="filter_checkbox" onChange="filterTable(this)" type="checkbox"/><span class="xpassed">0 unexpected passes</span>
    <h2>Results</h2>
    <table id="results-table">
      <thead id="results-table-head">
        <tr>
          <th class="sortable result initial-sort" col="result">Result</th>
          <th class="sortable" col="name">Test</th>
          <th class="sortable" col="duration">Duration</th>
          <th class="sortable links" col="links">Links</th></tr>
        <tr hidden="true" id="not-found-message">
          <th colspan="4">No results found. Try to check the filters</th></tr></thead>
      <tbody class="failed results-table-row">
        <tr>
          <td class="col-result">Failed</td>
          <td class="col-name">pytest_cases/test_mallcz.py::TestMallcz::test_check_carousel[carousel_one-hooper_one-hp_element_one]</td>
          <td class="col-duration">21.50</td>
          <td class="col-links"></td></tr>
        <tr>
          <td class="extra" colspan="4">
            <div><div class="image"><a href="html_screenshots/scr20230530-122847.png"><img src="html_screenshots/scr20230530-122847.png"></a></div></div>
            <div class="log">driver = &lt;selenium.webdriver.chrome.webdriver.WebDriver (session=&quot;361bab3b49f338184b9f76d74bfa3c22&quot;)&gt;, page_name = &#x27;mcz_landing&#x27;, key = &#x27;allow_privacy&#x27;<br/><br/>    def clicks(driver, page_name, key):<br/>        try:<br/>&gt;           WebDriverWait(driver, 15).until(ec.visibility_of_element_located(commons.get_by_prefix(page_name, key)))<br/><br/>src/base/base_function.py:12: <br/>_ _ _ _ _ _ _ _ _ _ _ _ _ _ _ _ _ _ _ _ _ _ _ _ _ _ _ _ _ _ _ _ _ _ _ _ _ _ _ _ <br/><br/>self = &lt;selenium.webdriver.support.wait.WebDriverWait (session=&quot;361bab3b49f338184b9f76d74bfa3c22&quot;)&gt;, method = &lt;function visibility_of_element_located.&lt;locals&gt;._predicate at 0x105dc8550&gt;<br/>message = &#x27;&#x27;<br/><br/>    def until(self, method, message: str = &quot;&quot;):<br/>        &quot;&quot;&quot;Calls the method provided with the driver as an argument until the \<br/>        return value does not evaluate to ``False``.<br/>    <br/>        :param method: callable(WebDriver)<br/>        :param message: optional message for :exc:`TimeoutException`<br/>        :returns: the result of the last call to `method`<br/>        :raises: :exc:`selenium.common.exceptions.TimeoutException` if timeout occurs<br/>        &quot;&quot;&quot;<br/>        screen = None<br/>        stacktrace = None<br/>    <br/>        end_time = time.monotonic() + self._timeout<br/>        while True:<br/>            try:<br/>                value = method(self._driver)<br/>                if value:<br/>                    return value<br/>            except self._ignored_exceptions as exc:<br/>                screen = getattr(exc, &quot;screen&quot;, None)<br/>                stacktrace = getattr(exc, &quot;stacktrace&quot;, None)<br/>            time.sleep(self._poll)<br/>            if time.monotonic() &gt; end_time:<br/>                break<br/>&gt;       raise TimeoutException(message, screen, stacktrace)<br/><span class="error">E       selenium.common.exceptions.TimeoutException: Message: </span><br/><span class="error">E       Stacktrace:</span><br/><span class="error">E       0   chromedriver                        0x00000001050b78ac chromedriver + 4257964</span><br/><span class="error">E       1   chromedriver                        0x00000001050aff40 chromedriver + 4226880</span><br/><span class="error">E       2   chromedriver                        0x0000000104cec9d4 chromedriver + 281044</span><br/><span class="error">E       3   chromedriver                        0x0000000104d27a34 chromedriver + 522804</span><br/><span class="error">E       4   chromedriver                        0x0000000104d5e7e4 chromedriver + 747492</span><br/><span class="error">E       5   chromedriver                        0x0000000104d1b98c chromedriver + 473484</span><br/><span class="error">E       6   chromedriver                        0x0000000104d1c98c chromedriver + 477580</span><br/><span class="error">E       7   chromedriver                        0x0000000105076900 chromedriver + 3991808</span><br/><span class="error">E       8   chromedriver                        0x000000010507a354 chromedriver + 4006740</span><br/><span class="error">E       9   chromedriver                        0x000000010507a940 chromedriver + 4008256</span><br/><span class="error">E       10  chromedriver                        0x000000010508033c chromedriver + 4031292</span><br/><span class="error">E       11  chromedriver                        0x000000010507af34 chromedriver + 4009780</span><br/><span class="error">E       12  chromedriver                        0x0000000105053490 chromedriver + 3847312</span><br/><span class="error">E       13  chromedriver                        0x00000001050989f4 chromedriver + 4131316</span><br/><span class="error">E       14  chromedriver                        0x0000000105098b4c chromedriver + 4131660</span><br/><span class="error">E       15  chromedriver                        0x00000001050a9230 chromedriver + 4198960</span><br/><span class="error">E       16  libsystem_pthread.dylib             0x00000001977e7fa8 _pthread_start + 148</span><br/><span class="error">E       17  libsystem_pthread.dylib             0x00000001977e2da0 thread_start + 8</span><br/><br/>venv/lib/python3.9/site-packages/selenium/webdriver/support/wait.py:95: TimeoutException<br/><br/>During handling of the above exception, another exception occurred:<br/><br/>self = &lt;test_mallcz.TestMallcz object at 0x105dd6250&gt;, extra = [], carousel_number = &#x27;carousel_one&#x27;, hooper_number = &#x27;hooper_one&#x27;, hp_element_number = &#x27;hp_element_one&#x27;<br/><br/>    @pytest.mark.parametrize(&#x27;carousel_number, hooper_number, hp_element_number&#x27;,<br/>                             [(&quot;carousel_one&quot;, &quot;hooper_one&quot;, &quot;hp_element_one&quot;),<br/>                              (&quot;carousel_two&quot;, &quot;hooper_two&quot;, &quot;hp_element_two&quot;),<br/>                              (&quot;carousel_three&quot;, &quot;hooper_three&quot;, &quot;hp_element_three&quot;),<br/>                              (&quot;carousel_four&quot;, &quot;hooper_four&quot;, &quot;hp_element_four&quot;),<br/>                              (&quot;carousel_five&quot;, &quot;hooper_five&quot;, &quot;hp_element_five&quot;),<br/>                              (&quot;carousel_six&quot;, &quot;hooper_six&quot;, &quot;hp_element_six&quot;),<br/>                              (&quot;carousel_seven&quot;, &quot;hooper_seven&quot;, &quot;hp_element_seven&quot;)])<br/>    def test_check_carousel(self, extra, carousel_number, hooper_number, hp_element_number):<br/>        print(f&quot;Page title is {self.driver.title}&quot;)<br/>&gt;       bf.clicks(self.driver, &quot;mcz_landing&quot;, &quot;allow_privacy&quot;)<br/><br/>pytest_cases/test_mallcz.py:17: <br/>_ _ _ _ _ _ _ _ _ _ _ _ _ _ _ _ _ _ _ _ _ _ _ _ _ _ _ _ _ _ _ _ _ _ _ _ _ _ _ _ <br/>src/base/base_function.py:18: in clicks<br/>    commons.get_element(driver, page_name, key).click()<br/>src/base/commons.py:21: in get_element<br/>    element = driver.find_element(By.XPATH, locator)<br/>venv/lib/python3.9/site-packages/selenium/webdriver/remote/webdriver.py:831: in find_element<br/>    return self.execute(Command.FIND_ELEMENT, {&quot;using&quot;: by, &quot;value&quot;: value})[&quot;value&quot;]<br/>venv/lib/python3.9/site-packages/selenium/webdriver/remote/webdriver.py:440: in execute<br/>    self.error_handler.check_response(response)<br/>_ _ _ _ _ _ _ _ _ _ _ _ _ _ _ _ _ _ _ _ _ _ _ _ _ _ _ _ _ _ _ _ _ _ _ _ _ _ _ _ <br/><br/>self = &lt;selenium.webdriver.remote.errorhandler.ErrorHandler object at 0x10633e5b0&gt;<br/>response = {&#x27;status&#x27;: 404, &#x27;value&#x27;: &#x27;{&quot;value&quot;:{&quot;error&quot;:&quot;no such element&quot;,&quot;message&quot;:&quot;no such element: Unable to locate element: {\...0001977e7fa8 _pthread_start + 148\\n17  libsystem_pthread.dylib             0x00000001977e2da0 thread_start + 8\\n&quot;}}&#x27;}<br/><br/>    def check_response(self, response: Dict[str, Any]) -&gt; None:<br/>        &quot;&quot;&quot;Checks that a JSON response from the WebDriver does not have an<br/>        error.<br/>    <br/>        :Args:<br/>         - response - The JSON response from the WebDriver server as a dictionary<br/>           object.<br/>    <br/>        :Raises: If the response contains an error message.<br/>        &quot;&quot;&quot;<br/>        status = response.get(&quot;status&quot;, None)<br/>        if not status or status == ErrorCode.SUCCESS:<br/>            return<br/>        value = None<br/>        message = response.get(&quot;message&quot;, &quot;&quot;)<br/>        screen: str = response.get(&quot;screen&quot;, &quot;&quot;)<br/>        stacktrace = None<br/>        if isinstance(status, int):<br/>            value_json = response.get(&quot;value&quot;, None)<br/>            if value_json and isinstance(value_json, str):<br/>                import json<br/>    <br/>                try:<br/>                    value = json.loads(value_json)<br/>                    if len(value) == 1:<br/>                        value = value[&quot;value&quot;]<br/>                    status = value.get(&quot;error&quot;, None)<br/>                    if not status:<br/>                        status = value.get(&quot;status&quot;, ErrorCode.UNKNOWN_ERROR)<br/>                        message = value.get(&quot;value&quot;) or value.get(&quot;message&quot;)<br/>                        if not isinstance(message, str):<br/>                            value = message<br/>                            message = message.get(&quot;message&quot;)<br/>                    else:<br/>                        message = value.get(&quot;message&quot;, None)<br/>                except ValueError:<br/>                    pass<br/>    <br/>        exception_class: Type[WebDriverException]<br/>        if status in ErrorCode.NO_SUCH_ELEMENT:<br/>            exception_class = NoSuchElementException<br/>        elif status in ErrorCode.NO_SUCH_FRAME:<br/>            exception_class = NoSuchFrameException<br/>        elif status in ErrorCode.NO_SUCH_SHADOW_ROOT:<br/>            exception_class = NoSuchShadowRootException<br/>        elif status in ErrorCode.NO_SUCH_WINDOW:<br/>            exception_class = NoSuchWindowException<br/>        elif status in ErrorCode.STALE_ELEMENT_REFERENCE:<br/>            exception_class = StaleElementReferenceException<br/>        elif status in ErrorCode.ELEMENT_NOT_VISIBLE:<br/>            exception_class = ElementNotVisibleException<br/>        elif status in ErrorCode.INVALID_ELEMENT_STATE:<br/>            exception_class = InvalidElementStateException<br/>        elif (<br/>            status in ErrorCode.INVALID_SELECTOR<br/>            or status in ErrorCode.INVALID_XPATH_SELECTOR<br/>            or status in ErrorCode.INVALID_XPATH_SELECTOR_RETURN_TYPER<br/>        ):<br/>            exception_class = InvalidSelectorException<br/>        elif status in ErrorCode.ELEMENT_IS_NOT_SELECTABLE:<br/>            exception_class = ElementNotSelectableException<br/>        elif status in ErrorCode.ELEMENT_NOT_INTERACTABLE:<br/>            exception_class = ElementNotInteractableException<br/>        elif status in ErrorCode.INVALID_COOKIE_DOMAIN:<br/>            exception_class = InvalidCookieDomainException<br/>        elif status in ErrorCode.UNABLE_TO_SET_COOKIE:<br/>            exception_class = UnableToSetCookieException<br/>        elif status in ErrorCode.TIMEOUT:<br/>            exception_class = TimeoutException<br/>        elif status in ErrorCode.SCRIPT_TIMEOUT:<br/>            exception_class = TimeoutException<br/>        elif status in ErrorCode.UNKNOWN_ERROR:<br/>            exception_class = WebDriverException<br/>        elif status in ErrorCode.UNEXPECTED_ALERT_OPEN:<br/>            exception_class = UnexpectedAlertPresentException<br/>        elif status in ErrorCode.NO_ALERT_OPEN:<br/>            exception_class = NoAlertPresentException<br/>        elif status in ErrorCode.IME_NOT_AVAILABLE:<br/>            exception_class = ImeNotAvailableException<br/>        elif status in ErrorCode.IME_ENGINE_ACTIVATION_FAILED:<br/>            exception_class = ImeActivationFailedException<br/>        elif status in ErrorCode.MOVE_TARGET_OUT_OF_BOUNDS:<br/>            exception_class = MoveTargetOutOfBoundsException<br/>        elif status in ErrorCode.JAVASCRIPT_ERROR:<br/>            exception_class = JavascriptException<br/>        elif status in ErrorCode.SESSION_NOT_CREATED:<br/>            exception_class = SessionNotCreatedException<br/>        elif status in ErrorCode.INVALID_ARGUMENT:<br/>            exception_class = InvalidArgumentException<br/>        elif status in ErrorCode.NO_SUCH_COOKIE:<br/>            exception_class = NoSuchCookieException<br/>        elif status in ErrorCode.UNABLE_TO_CAPTURE_SCREEN:<br/>            exception_class = ScreenshotException<br/>        elif status in ErrorCode.ELEMENT_CLICK_INTERCEPTED:<br/>            exception_class = ElementClickInterceptedException<br/>        elif status in ErrorCode.INSECURE_CERTIFICATE:<br/>            exception_class = InsecureCertificateException<br/>        elif status in ErrorCode.INVALID_COORDINATES:<br/>            exception_class = InvalidCoordinatesException<br/>        elif status in ErrorCode.INVALID_SESSION_ID:<br/>            exception_class = InvalidSessionIdException<br/>        elif status in ErrorCode.UNKNOWN_METHOD:<br/>            exception_class = UnknownMethodException<br/>        else:<br/>            exception_class = WebDriverException<br/>        if not value:<br/>            value = response[&quot;value&quot;]<br/>        if isinstance(value, str):<br/>            raise exception_class(value)<br/>        if message == &quot;&quot; and &quot;message&quot; in value:<br/>            message = value[&quot;message&quot;]<br/>    <br/>        screen = None  # type: ignore[assignment]<br/>        if &quot;screen&quot; in value:<br/>            screen = value[&quot;screen&quot;]<br/>    <br/>        stacktrace = None<br/>        st_value = value.get(&quot;stackTrace&quot;) or value.get(&quot;stacktrace&quot;)<br/>        if st_value:<br/>            if isinstance(st_value, str):<br/>                stacktrace = st_value.split(&quot;\n&quot;)<br/>            else:<br/>                stacktrace = []<br/>                try:<br/>                    for frame in st_value:<br/>                        line = frame.get(&quot;lineNumber&quot;, &quot;&quot;)<br/>                        file = frame.get(&quot;fileName&quot;, &quot;&lt;anonymous&gt;&quot;)<br/>                        if line:<br/>                            file = f&quot;{file}:{line}&quot;<br/>                        meth = frame.get(&quot;methodName&quot;, &quot;&lt;anonymous&gt;&quot;)<br/>                        if &quot;className&quot; in frame:<br/>                            meth = f&quot;{frame[&#x27;className&#x27;]}.{meth}&quot;<br/>                        msg = &quot;    at %s (%s)&quot;<br/>                        msg = msg % (meth, file)<br/>                        stacktrace.append(msg)<br/>                except TypeError:<br/>                    pass<br/>        if exception_class == UnexpectedAlertPresentException:<br/>            alert_text = None<br/>            if &quot;data&quot; in value:<br/>                alert_text = value[&quot;data&quot;].get(&quot;text&quot;)<br/>            elif &quot;alert&quot; in value:<br/>                alert_text = value[&quot;alert&quot;].get(&quot;text&quot;)<br/>            raise exception_class(message, screen, stacktrace, alert_text)  # type: ignore[call-arg]  # mypy is not smart enough here<br/>&gt;       raise exception_class(message, screen, stacktrace)<br/><span class="error">E       selenium.common.exceptions.NoSuchElementException: Message: no such element: Unable to locate element: {&quot;method&quot;:&quot;xpath&quot;,&quot;selector&quot;:&quot;//div[@class=&#x27;legal-consent__button-container&#x27;]&quot;}</span><br/><span class="error">E         (Session info: headless chrome=113.0.5672.126)</span><br/><span class="error">E       Stacktrace:</span><br/><span class="error">E       0   chromedriver                        0x00000001050b78ac chromedriver + 4257964</span><br/><span class="error">E       1   chromedriver                        0x00000001050aff40 chromedriver + 4226880</span><br/><span class="error">E       2   chromedriver                        0x0000000104cec9d4 chromedriver + 281044</span><br/><span class="error">E       3   chromedriver                        0x0000000104d27a34 chromedriver + 522804</span><br/><span class="error">E       4   chromedriver                        0x0000000104d5e7e4 chromedriver + 747492</span><br/><span class="error">E       5   chromedriver                        0x0000000104d1b98c chromedriver + 473484</span><br/><span class="error">E       6   chromedriver                        0x0000000104d1c98c chromedriver + 477580</span><br/><span class="error">E       7   chromedriver                        0x0000000105076900 chromedriver + 3991808</span><br/><span class="error">E       8   chromedriver                        0x000000010507a354 chromedriver + 4006740</span><br/><span class="error">E       9   chromedriver                        0x000000010507a940 chromedriver + 4008256</span><br/><span class="error">E       10  chromedriver                        0x000000010508033c chromedriver + 4031292</span><br/><span class="error">E       11  chromedriver                        0x000000010507af34 chromedriver + 4009780</span><br/><span class="error">E       12  chromedriver                        0x0000000105053490 chromedriver + 3847312</span><br/><span class="error">E       13  chromedriver                        0x00000001050989f4 chromedriver + 4131316</span><br/><span class="error">E       14  chromedriver                        0x0000000105098b4c chromedriver + 4131660</span><br/><span class="error">E       15  chromedriver                        0x00000001050a9230 chromedriver + 4198960</span><br/><span class="error">E       16  libsystem_pthread.dylib             0x00000001977e7fa8 _pthread_start + 148</span><br/><span class="error">E       17  libsystem_pthread.dylib             0x00000001977e2da0 thread_start + 8</span><br/><br/>venv/lib/python3.9/site-packages/selenium/webdriver/remote/errorhandler.py:245: NoSuchElementException<br/> -----------------------------Captured stdout setup------------------------------ <br/>initiating Chrome driver
Web full screen testing
Headless mode
<br/> -----------------------------Captured stderr setup------------------------------ <br/>[WDM] - Downloading:   0%|          | 0.00/8.06M [00:00&lt;?, ?B/s][WDM] - Downloading:  21%|██        | 1.66M/8.06M [00:00&lt;00:01, 4.48MB/s][WDM] - Downloading:  31%|███       | 2.49M/8.06M [00:00&lt;00:01, 5.60MB/s][WDM] - Downloading:  39%|███▉      | 3.16M/8.06M [00:00&lt;00:00, 5.35MB/s][WDM] - Downloading:  49%|████▊     | 3.91M/8.06M [00:00&lt;00:01, 3.88MB/s][WDM] - Downloading:  63%|██████▎   | 5.12M/8.06M [00:01&lt;00:00, 5.06MB/s][WDM] - Downloading:  71%|███████   | 5.69M/8.06M [00:01&lt;00:00, 3.75MB/s][WDM] - Downloading:  82%|████████▏ | 6.63M/8.06M [00:01&lt;00:00, 4.80MB/s][WDM] - Downloading:  90%|████████▉ | 7.24M/8.06M [00:01&lt;00:00, 3.24MB/s][WDM] - Downloading:  99%|█████████▊| 7.96M/8.06M [00:02&lt;00:00, 2.61MB/s][WDM] - Downloading: 100%|██████████| 8.06M/8.06M [00:02&lt;00:00, 3.63MB/s]
<br/> ------------------------------Captured stdout call------------------------------ <br/>Page title is Access denied
<br/> ----------------------------Captured stdout teardown---------------------------- <br/>Closed browser
<br/></div></td></tr></tbody>
      <tbody class="failed results-table-row">
        <tr>
          <td class="col-result">Failed</td>
          <td class="col-name">pytest_cases/test_mallcz.py::TestMallcz::test_check_carousel[carousel_two-hooper_two-hp_element_two]</td>
          <td class="col-duration">18.68</td>
          <td class="col-links"></td></tr>
        <tr>
          <td class="extra" colspan="4">
            <div><div class="image"><a href="html_screenshots/scr20230530-122906.png"><img src="html_screenshots/scr20230530-122906.png"></a></div></div>
            <div class="log">driver = &lt;selenium.webdriver.chrome.webdriver.WebDriver (session=&quot;851d03bebdf5c734df590e57c3333c78&quot;)&gt;, page_name = &#x27;mcz_landing&#x27;, key = &#x27;allow_privacy&#x27;<br/><br/>    def clicks(driver, page_name, key):<br/>        try:<br/>&gt;           WebDriverWait(driver, 15).until(ec.visibility_of_element_located(commons.get_by_prefix(page_name, key)))<br/><br/>src/base/base_function.py:12: <br/>_ _ _ _ _ _ _ _ _ _ _ _ _ _ _ _ _ _ _ _ _ _ _ _ _ _ _ _ _ _ _ _ _ _ _ _ _ _ _ _ <br/><br/>self = &lt;selenium.webdriver.support.wait.WebDriverWait (session=&quot;851d03bebdf5c734df590e57c3333c78&quot;)&gt;, method = &lt;function visibility_of_element_located.&lt;locals&gt;._predicate at 0x1064e0ee0&gt;<br/>message = &#x27;&#x27;<br/><br/>    def until(self, method, message: str = &quot;&quot;):<br/>        &quot;&quot;&quot;Calls the method provided with the driver as an argument until the \<br/>        return value does not evaluate to ``False``.<br/>    <br/>        :param method: callable(WebDriver)<br/>        :param message: optional message for :exc:`TimeoutException`<br/>        :returns: the result of the last call to `method`<br/>        :raises: :exc:`selenium.common.exceptions.TimeoutException` if timeout occurs<br/>        &quot;&quot;&quot;<br/>        screen = None<br/>        stacktrace = None<br/>    <br/>        end_time = time.monotonic() + self._timeout<br/>        while True:<br/>            try:<br/>                value = method(self._driver)<br/>                if value:<br/>                    return value<br/>            except self._ignored_exceptions as exc:<br/>                screen = getattr(exc, &quot;screen&quot;, None)<br/>                stacktrace = getattr(exc, &quot;stacktrace&quot;, None)<br/>            time.sleep(self._poll)<br/>            if time.monotonic() &gt; end_time:<br/>                break<br/>&gt;       raise TimeoutException(message, screen, stacktrace)<br/><span class="error">E       selenium.common.exceptions.TimeoutException: Message: </span><br/><span class="error">E       Stacktrace:</span><br/><span class="error">E       0   chromedriver                        0x00000001051b78ac chromedriver + 4257964</span><br/><span class="error">E       1   chromedriver                        0x00000001051aff40 chromedriver + 4226880</span><br/><span class="error">E       2   chromedriver                        0x0000000104dec9d4 chromedriver + 281044</span><br/><span class="error">E       3   chromedriver                        0x0000000104e27a34 chromedriver + 522804</span><br/><span class="error">E       4   chromedriver                        0x0000000104e5e7e4 chromedriver + 747492</span><br/><span class="error">E       5   chromedriver                        0x0000000104e1b98c chromedriver + 473484</span><br/><span class="error">E       6   chromedriver                        0x0000000104e1c98c chromedriver + 477580</span><br/><span class="error">E       7   chromedriver                        0x0000000105176900 chromedriver + 3991808</span><br/><span class="error">E       8   chromedriver                        0x000000010517a354 chromedriver + 4006740</span><br/><span class="error">E       9   chromedriver                        0x000000010517a940 chromedriver + 4008256</span><br/><span class="error">E       10  chromedriver                        0x000000010518033c chromedriver + 4031292</span><br/><span class="error">E       11  chromedriver                        0x000000010517af34 chromedriver + 4009780</span><br/><span class="error">E       12  chromedriver                        0x0000000105153490 chromedriver + 3847312</span><br/><span class="error">E       13  chromedriver                        0x00000001051989f4 chromedriver + 4131316</span><br/><span class="error">E       14  chromedriver                        0x0000000105198b4c chromedriver + 4131660</span><br/><span class="error">E       15  chromedriver                        0x00000001051a9230 chromedriver + 4198960</span><br/><span class="error">E       16  libsystem_pthread.dylib             0x00000001977e7fa8 _pthread_start + 148</span><br/><span class="error">E       17  libsystem_pthread.dylib             0x00000001977e2da0 thread_start + 8</span><br/><br/>venv/lib/python3.9/site-packages/selenium/webdriver/support/wait.py:95: TimeoutException<br/><br/>During handling of the above exception, another exception occurred:<br/><br/>self = &lt;test_mallcz.TestMallcz object at 0x105dd6340&gt;, extra = [], carousel_number = &#x27;carousel_two&#x27;, hooper_number = &#x27;hooper_two&#x27;, hp_element_number = &#x27;hp_element_two&#x27;<br/><br/>    @pytest.mark.parametrize(&#x27;carousel_number, hooper_number, hp_element_number&#x27;,<br/>                             [(&quot;carousel_one&quot;, &quot;hooper_one&quot;, &quot;hp_element_one&quot;),<br/>                              (&quot;carousel_two&quot;, &quot;hooper_two&quot;, &quot;hp_element_two&quot;),<br/>                              (&quot;carousel_three&quot;, &quot;hooper_three&quot;, &quot;hp_element_three&quot;),<br/>                              (&quot;carousel_four&quot;, &quot;hooper_four&quot;, &quot;hp_element_four&quot;),<br/>                              (&quot;carousel_five&quot;, &quot;hooper_five&quot;, &quot;hp_element_five&quot;),<br/>                              (&quot;carousel_six&quot;, &quot;hooper_six&quot;, &quot;hp_element_six&quot;),<br/>                              (&quot;carousel_seven&quot;, &quot;hooper_seven&quot;, &quot;hp_element_seven&quot;)])<br/>    def test_check_carousel(self, extra, carousel_number, hooper_number, hp_element_number):<br/>        print(f&quot;Page title is {self.driver.title}&quot;)<br/>&gt;       bf.clicks(self.driver, &quot;mcz_landing&quot;, &quot;allow_privacy&quot;)<br/><br/>pytest_cases/test_mallcz.py:17: <br/>_ _ _ _ _ _ _ _ _ _ _ _ _ _ _ _ _ _ _ _ _ _ _ _ _ _ _ _ _ _ _ _ _ _ _ _ _ _ _ _ <br/>src/base/base_function.py:18: in clicks<br/>    commons.get_element(driver, page_name, key).click()<br/>src/base/commons.py:21: in get_element<br/>    element = driver.find_element(By.XPATH, locator)<br/>venv/lib/python3.9/site-packages/selenium/webdriver/remote/webdriver.py:831: in find_element<br/>    return self.execute(Command.FIND_ELEMENT, {&quot;using&quot;: by, &quot;value&quot;: value})[&quot;value&quot;]<br/>venv/lib/python3.9/site-packages/selenium/webdriver/remote/webdriver.py:440: in execute<br/>    self.error_handler.check_response(response)<br/>_ _ _ _ _ _ _ _ _ _ _ _ _ _ _ _ _ _ _ _ _ _ _ _ _ _ _ _ _ _ _ _ _ _ _ _ _ _ _ _ <br/><br/>self = &lt;selenium.webdriver.remote.errorhandler.ErrorHandler object at 0x1065d90d0&gt;<br/>response = {&#x27;status&#x27;: 404, &#x27;value&#x27;: &#x27;{&quot;value&quot;:{&quot;error&quot;:&quot;no such element&quot;,&quot;message&quot;:&quot;no such element: Unable to locate element: {\...0001977e7fa8 _pthread_start + 148\\n17  libsystem_pthread.dylib             0x00000001977e2da0 thread_start + 8\\n&quot;}}&#x27;}<br/><br/>    def check_response(self, response: Dict[str, Any]) -&gt; None:<br/>        &quot;&quot;&quot;Checks that a JSON response from the WebDriver does not have an<br/>        error.<br/>    <br/>        :Args:<br/>         - response - The JSON response from the WebDriver server as a dictionary<br/>           object.<br/>    <br/>        :Raises: If the response contains an error message.<br/>        &quot;&quot;&quot;<br/>        status = response.get(&quot;status&quot;, None)<br/>        if not status or status == ErrorCode.SUCCESS:<br/>            return<br/>        value = None<br/>        message = response.get(&quot;message&quot;, &quot;&quot;)<br/>        screen: str = response.get(&quot;screen&quot;, &quot;&quot;)<br/>        stacktrace = None<br/>        if isinstance(status, int):<br/>            value_json = response.get(&quot;value&quot;, None)<br/>            if value_json and isinstance(value_json, str):<br/>                import json<br/>    <br/>                try:<br/>                    value = json.loads(value_json)<br/>                    if len(value) == 1:<br/>                        value = value[&quot;value&quot;]<br/>                    status = value.get(&quot;error&quot;, None)<br/>                    if not status:<br/>                        status = value.get(&quot;status&quot;, ErrorCode.UNKNOWN_ERROR)<br/>                        message = value.get(&quot;value&quot;) or value.get(&quot;message&quot;)<br/>                        if not isinstance(message, str):<br/>                            value = message<br/>                            message = message.get(&quot;message&quot;)<br/>                    else:<br/>                        message = value.get(&quot;message&quot;, None)<br/>                except ValueError:<br/>                    pass<br/>    <br/>        exception_class: Type[WebDriverException]<br/>        if status in ErrorCode.NO_SUCH_ELEMENT:<br/>            exception_class = NoSuchElementException<br/>        elif status in ErrorCode.NO_SUCH_FRAME:<br/>            exception_class = NoSuchFrameException<br/>        elif status in ErrorCode.NO_SUCH_SHADOW_ROOT:<br/>            exception_class = NoSuchShadowRootException<br/>        elif status in ErrorCode.NO_SUCH_WINDOW:<br/>            exception_class = NoSuchWindowException<br/>        elif status in ErrorCode.STALE_ELEMENT_REFERENCE:<br/>            exception_class = StaleElementReferenceException<br/>        elif status in ErrorCode.ELEMENT_NOT_VISIBLE:<br/>            exception_class = ElementNotVisibleException<br/>        elif status in ErrorCode.INVALID_ELEMENT_STATE:<br/>            exception_class = InvalidElementStateException<br/>        elif (<br/>            status in ErrorCode.INVALID_SELECTOR<br/>            or status in ErrorCode.INVALID_XPATH_SELECTOR<br/>            or status in ErrorCode.INVALID_XPATH_SELECTOR_RETURN_TYPER<br/>        ):<br/>            exception_class = InvalidSelectorException<br/>        elif status in ErrorCode.ELEMENT_IS_NOT_SELECTABLE:<br/>            exception_class = ElementNotSelectableException<br/>        elif status in ErrorCode.ELEMENT_NOT_INTERACTABLE:<br/>            exception_class = ElementNotInteractableException<br/>        elif status in ErrorCode.INVALID_COOKIE_DOMAIN:<br/>            exception_class = InvalidCookieDomainException<br/>        elif status in ErrorCode.UNABLE_TO_SET_COOKIE:<br/>            exception_class = UnableToSetCookieException<br/>        elif status in ErrorCode.TIMEOUT:<br/>            exception_class = TimeoutException<br/>        elif status in ErrorCode.SCRIPT_TIMEOUT:<br/>            exception_class = TimeoutException<br/>        elif status in ErrorCode.UNKNOWN_ERROR:<br/>            exception_class = WebDriverException<br/>        elif status in ErrorCode.UNEXPECTED_ALERT_OPEN:<br/>            exception_class = UnexpectedAlertPresentException<br/>        elif status in ErrorCode.NO_ALERT_OPEN:<br/>            exception_class = NoAlertPresentException<br/>        elif status in ErrorCode.IME_NOT_AVAILABLE:<br/>            exception_class = ImeNotAvailableException<br/>        elif status in ErrorCode.IME_ENGINE_ACTIVATION_FAILED:<br/>            exception_class = ImeActivationFailedException<br/>        elif status in ErrorCode.MOVE_TARGET_OUT_OF_BOUNDS:<br/>            exception_class = MoveTargetOutOfBoundsException<br/>        elif status in ErrorCode.JAVASCRIPT_ERROR:<br/>            exception_class = JavascriptException<br/>        elif status in ErrorCode.SESSION_NOT_CREATED:<br/>            exception_class = SessionNotCreatedException<br/>        elif status in ErrorCode.INVALID_ARGUMENT:<br/>            exception_class = InvalidArgumentException<br/>        elif status in ErrorCode.NO_SUCH_COOKIE:<br/>            exception_class = NoSuchCookieException<br/>        elif status in ErrorCode.UNABLE_TO_CAPTURE_SCREEN:<br/>            exception_class = ScreenshotException<br/>        elif status in ErrorCode.ELEMENT_CLICK_INTERCEPTED:<br/>            exception_class = ElementClickInterceptedException<br/>        elif status in ErrorCode.INSECURE_CERTIFICATE:<br/>            exception_class = InsecureCertificateException<br/>        elif status in ErrorCode.INVALID_COORDINATES:<br/>            exception_class = InvalidCoordinatesException<br/>        elif status in ErrorCode.INVALID_SESSION_ID:<br/>            exception_class = InvalidSessionIdException<br/>        elif status in ErrorCode.UNKNOWN_METHOD:<br/>            exception_class = UnknownMethodException<br/>        else:<br/>            exception_class = WebDriverException<br/>        if not value:<br/>            value = response[&quot;value&quot;]<br/>        if isinstance(value, str):<br/>            raise exception_class(value)<br/>        if message == &quot;&quot; and &quot;message&quot; in value:<br/>            message = value[&quot;message&quot;]<br/>    <br/>        screen = None  # type: ignore[assignment]<br/>        if &quot;screen&quot; in value:<br/>            screen = value[&quot;screen&quot;]<br/>    <br/>        stacktrace = None<br/>        st_value = value.get(&quot;stackTrace&quot;) or value.get(&quot;stacktrace&quot;)<br/>        if st_value:<br/>            if isinstance(st_value, str):<br/>                stacktrace = st_value.split(&quot;\n&quot;)<br/>            else:<br/>                stacktrace = []<br/>                try:<br/>                    for frame in st_value:<br/>                        line = frame.get(&quot;lineNumber&quot;, &quot;&quot;)<br/>                        file = frame.get(&quot;fileName&quot;, &quot;&lt;anonymous&gt;&quot;)<br/>                        if line:<br/>                            file = f&quot;{file}:{line}&quot;<br/>                        meth = frame.get(&quot;methodName&quot;, &quot;&lt;anonymous&gt;&quot;)<br/>                        if &quot;className&quot; in frame:<br/>                            meth = f&quot;{frame[&#x27;className&#x27;]}.{meth}&quot;<br/>                        msg = &quot;    at %s (%s)&quot;<br/>                        msg = msg % (meth, file)<br/>                        stacktrace.append(msg)<br/>                except TypeError:<br/>                    pass<br/>        if exception_class == UnexpectedAlertPresentException:<br/>            alert_text = None<br/>            if &quot;data&quot; in value:<br/>                alert_text = value[&quot;data&quot;].get(&quot;text&quot;)<br/>            elif &quot;alert&quot; in value:<br/>                alert_text = value[&quot;alert&quot;].get(&quot;text&quot;)<br/>            raise exception_class(message, screen, stacktrace, alert_text)  # type: ignore[call-arg]  # mypy is not smart enough here<br/>&gt;       raise exception_class(message, screen, stacktrace)<br/><span class="error">E       selenium.common.exceptions.NoSuchElementException: Message: no such element: Unable to locate element: {&quot;method&quot;:&quot;xpath&quot;,&quot;selector&quot;:&quot;//div[@class=&#x27;legal-consent__button-container&#x27;]&quot;}</span><br/><span class="error">E         (Session info: headless chrome=113.0.5672.126)</span><br/><span class="error">E       Stacktrace:</span><br/><span class="error">E       0   chromedriver                        0x00000001051b78ac chromedriver + 4257964</span><br/><span class="error">E       1   chromedriver                        0x00000001051aff40 chromedriver + 4226880</span><br/><span class="error">E       2   chromedriver                        0x0000000104dec9d4 chromedriver + 281044</span><br/><span class="error">E       3   chromedriver                        0x0000000104e27a34 chromedriver + 522804</span><br/><span class="error">E       4   chromedriver                        0x0000000104e5e7e4 chromedriver + 747492</span><br/><span class="error">E       5   chromedriver                        0x0000000104e1b98c chromedriver + 473484</span><br/><span class="error">E       6   chromedriver                        0x0000000104e1c98c chromedriver + 477580</span><br/><span class="error">E       7   chromedriver                        0x0000000105176900 chromedriver + 3991808</span><br/><span class="error">E       8   chromedriver                        0x000000010517a354 chromedriver + 4006740</span><br/><span class="error">E       9   chromedriver                        0x000000010517a940 chromedriver + 4008256</span><br/><span class="error">E       10  chromedriver                        0x000000010518033c chromedriver + 4031292</span><br/><span class="error">E       11  chromedriver                        0x000000010517af34 chromedriver + 4009780</span><br/><span class="error">E       12  chromedriver                        0x0000000105153490 chromedriver + 3847312</span><br/><span class="error">E       13  chromedriver                        0x00000001051989f4 chromedriver + 4131316</span><br/><span class="error">E       14  chromedriver                        0x0000000105198b4c chromedriver + 4131660</span><br/><span class="error">E       15  chromedriver                        0x00000001051a9230 chromedriver + 4198960</span><br/><span class="error">E       16  libsystem_pthread.dylib             0x00000001977e7fa8 _pthread_start + 148</span><br/><span class="error">E       17  libsystem_pthread.dylib             0x00000001977e2da0 thread_start + 8</span><br/><br/>venv/lib/python3.9/site-packages/selenium/webdriver/remote/errorhandler.py:245: NoSuchElementException<br/> -----------------------------Captured stdout setup------------------------------ <br/>initiating Chrome driver
Web full screen testing
Headless mode
<br/> ------------------------------Captured stdout call------------------------------ <br/>Page title is Access denied
<br/> ----------------------------Captured stdout teardown---------------------------- <br/>Closed browser
<br/></div></td></tr></tbody>
      <tbody class="failed results-table-row">
        <tr>
          <td class="col-result">Failed</td>
          <td class="col-name">pytest_cases/test_mallcz.py::TestMallcz::test_check_carousel[carousel_three-hooper_three-hp_element_three]</td>
          <td class="col-duration">18.74</td>
          <td class="col-links"></td></tr>
        <tr>
          <td class="extra" colspan="4">
            <div><div class="image"><a href="html_screenshots/scr20230530-122926.png"><img src="html_screenshots/scr20230530-122926.png"></a></div></div>
            <div class="log">driver = &lt;selenium.webdriver.chrome.webdriver.WebDriver (session=&quot;d86c72ad22468cbf64edf56032e56eaf&quot;)&gt;, page_name = &#x27;mcz_landing&#x27;, key = &#x27;allow_privacy&#x27;<br/><br/>    def clicks(driver, page_name, key):<br/>        try:<br/>&gt;           WebDriverWait(driver, 15).until(ec.visibility_of_element_located(commons.get_by_prefix(page_name, key)))<br/><br/>src/base/base_function.py:12: <br/>_ _ _ _ _ _ _ _ _ _ _ _ _ _ _ _ _ _ _ _ _ _ _ _ _ _ _ _ _ _ _ _ _ _ _ _ _ _ _ _ <br/><br/>self = &lt;selenium.webdriver.support.wait.WebDriverWait (session=&quot;d86c72ad22468cbf64edf56032e56eaf&quot;)&gt;, method = &lt;function visibility_of_element_located.&lt;locals&gt;._predicate at 0x1065d7a60&gt;<br/>message = &#x27;&#x27;<br/><br/>    def until(self, method, message: str = &quot;&quot;):<br/>        &quot;&quot;&quot;Calls the method provided with the driver as an argument until the \<br/>        return value does not evaluate to ``False``.<br/>    <br/>        :param method: callable(WebDriver)<br/>        :param message: optional message for :exc:`TimeoutException`<br/>        :returns: the result of the last call to `method`<br/>        :raises: :exc:`selenium.common.exceptions.TimeoutException` if timeout occurs<br/>        &quot;&quot;&quot;<br/>        screen = None<br/>        stacktrace = None<br/>    <br/>        end_time = time.monotonic() + self._timeout<br/>        while True:<br/>            try:<br/>                value = method(self._driver)<br/>                if value:<br/>                    return value<br/>            except self._ignored_exceptions as exc:<br/>                screen = getattr(exc, &quot;screen&quot;, None)<br/>                stacktrace = getattr(exc, &quot;stacktrace&quot;, None)<br/>            time.sleep(self._poll)<br/>            if time.monotonic() &gt; end_time:<br/>                break<br/>&gt;       raise TimeoutException(message, screen, stacktrace)<br/><span class="error">E       selenium.common.exceptions.TimeoutException: Message: </span><br/><span class="error">E       Stacktrace:</span><br/><span class="error">E       0   chromedriver                        0x0000000100d0f8ac chromedriver + 4257964</span><br/><span class="error">E       1   chromedriver                        0x0000000100d07f40 chromedriver + 4226880</span><br/><span class="error">E       2   chromedriver                        0x00000001009449d4 chromedriver + 281044</span><br/><span class="error">E       3   chromedriver                        0x000000010097fa34 chromedriver + 522804</span><br/><span class="error">E       4   chromedriver                        0x00000001009b67e4 chromedriver + 747492</span><br/><span class="error">E       5   chromedriver                        0x000000010097398c chromedriver + 473484</span><br/><span class="error">E       6   chromedriver                        0x000000010097498c chromedriver + 477580</span><br/><span class="error">E       7   chromedriver                        0x0000000100cce900 chromedriver + 3991808</span><br/><span class="error">E       8   chromedriver                        0x0000000100cd2354 chromedriver + 4006740</span><br/><span class="error">E       9   chromedriver                        0x0000000100cd2940 chromedriver + 4008256</span><br/><span class="error">E       10  chromedriver                        0x0000000100cd833c chromedriver + 4031292</span><br/><span class="error">E       11  chromedriver                        0x0000000100cd2f34 chromedriver + 4009780</span><br/><span class="error">E       12  chromedriver                        0x0000000100cab490 chromedriver + 3847312</span><br/><span class="error">E       13  chromedriver                        0x0000000100cf09f4 chromedriver + 4131316</span><br/><span class="error">E       14  chromedriver                        0x0000000100cf0b4c chromedriver + 4131660</span><br/><span class="error">E       15  chromedriver                        0x0000000100d01230 chromedriver + 4198960</span><br/><span class="error">E       16  libsystem_pthread.dylib             0x00000001977e7fa8 _pthread_start + 148</span><br/><span class="error">E       17  libsystem_pthread.dylib             0x00000001977e2da0 thread_start + 8</span><br/><br/>venv/lib/python3.9/site-packages/selenium/webdriver/support/wait.py:95: TimeoutException<br/><br/>During handling of the above exception, another exception occurred:<br/><br/>self = &lt;test_mallcz.TestMallcz object at 0x10633a640&gt;, extra = [], carousel_number = &#x27;carousel_three&#x27;, hooper_number = &#x27;hooper_three&#x27;, hp_element_number = &#x27;hp_element_three&#x27;<br/><br/>    @pytest.mark.parametrize(&#x27;carousel_number, hooper_number, hp_element_number&#x27;,<br/>                             [(&quot;carousel_one&quot;, &quot;hooper_one&quot;, &quot;hp_element_one&quot;),<br/>                              (&quot;carousel_two&quot;, &quot;hooper_two&quot;, &quot;hp_element_two&quot;),<br/>                              (&quot;carousel_three&quot;, &quot;hooper_three&quot;, &quot;hp_element_three&quot;),<br/>                              (&quot;carousel_four&quot;, &quot;hooper_four&quot;, &quot;hp_element_four&quot;),<br/>                              (&quot;carousel_five&quot;, &quot;hooper_five&quot;, &quot;hp_element_five&quot;),<br/>                              (&quot;carousel_six&quot;, &quot;hooper_six&quot;, &quot;hp_element_six&quot;),<br/>                              (&quot;carousel_seven&quot;, &quot;hooper_seven&quot;, &quot;hp_element_seven&quot;)])<br/>    def test_check_carousel(self, extra, carousel_number, hooper_number, hp_element_number):<br/>        print(f&quot;Page title is {self.driver.title}&quot;)<br/>&gt;       bf.clicks(self.driver, &quot;mcz_landing&quot;, &quot;allow_privacy&quot;)<br/><br/>pytest_cases/test_mallcz.py:17: <br/>_ _ _ _ _ _ _ _ _ _ _ _ _ _ _ _ _ _ _ _ _ _ _ _ _ _ _ _ _ _ _ _ _ _ _ _ _ _ _ _ <br/>src/base/base_function.py:18: in clicks<br/>    commons.get_element(driver, page_name, key).click()<br/>src/base/commons.py:21: in get_element<br/>    element = driver.find_element(By.XPATH, locator)<br/>venv/lib/python3.9/site-packages/selenium/webdriver/remote/webdriver.py:831: in find_element<br/>    return self.execute(Command.FIND_ELEMENT, {&quot;using&quot;: by, &quot;value&quot;: value})[&quot;value&quot;]<br/>venv/lib/python3.9/site-packages/selenium/webdriver/remote/webdriver.py:440: in execute<br/>    self.error_handler.check_response(response)<br/>_ _ _ _ _ _ _ _ _ _ _ _ _ _ _ _ _ _ _ _ _ _ _ _ _ _ _ _ _ _ _ _ _ _ _ _ _ _ _ _ <br/><br/>self = &lt;selenium.webdriver.remote.errorhandler.ErrorHandler object at 0x10633eb50&gt;<br/>response = {&#x27;status&#x27;: 404, &#x27;value&#x27;: &#x27;{&quot;value&quot;:{&quot;error&quot;:&quot;no such element&quot;,&quot;message&quot;:&quot;no such element: Unable to locate element: {\...0001977e7fa8 _pthread_start + 148\\n17  libsystem_pthread.dylib             0x00000001977e2da0 thread_start + 8\\n&quot;}}&#x27;}<br/><br/>    def check_response(self, response: Dict[str, Any]) -&gt; None:<br/>        &quot;&quot;&quot;Checks that a JSON response from the WebDriver does not have an<br/>        error.<br/>    <br/>        :Args:<br/>         - response - The JSON response from the WebDriver server as a dictionary<br/>           object.<br/>    <br/>        :Raises: If the response contains an error message.<br/>        &quot;&quot;&quot;<br/>        status = response.get(&quot;status&quot;, None)<br/>        if not status or status == ErrorCode.SUCCESS:<br/>            return<br/>        value = None<br/>        message = response.get(&quot;message&quot;, &quot;&quot;)<br/>        screen: str = response.get(&quot;screen&quot;, &quot;&quot;)<br/>        stacktrace = None<br/>        if isinstance(status, int):<br/>            value_json = response.get(&quot;value&quot;, None)<br/>            if value_json and isinstance(value_json, str):<br/>                import json<br/>    <br/>                try:<br/>                    value = json.loads(value_json)<br/>                    if len(value) == 1:<br/>                        value = value[&quot;value&quot;]<br/>                    status = value.get(&quot;error&quot;, None)<br/>                    if not status:<br/>                        status = value.get(&quot;status&quot;, ErrorCode.UNKNOWN_ERROR)<br/>                        message = value.get(&quot;value&quot;) or value.get(&quot;message&quot;)<br/>                        if not isinstance(message, str):<br/>                            value = message<br/>                            message = message.get(&quot;message&quot;)<br/>                    else:<br/>                        message = value.get(&quot;message&quot;, None)<br/>                except ValueError:<br/>                    pass<br/>    <br/>        exception_class: Type[WebDriverException]<br/>        if status in ErrorCode.NO_SUCH_ELEMENT:<br/>            exception_class = NoSuchElementException<br/>        elif status in ErrorCode.NO_SUCH_FRAME:<br/>            exception_class = NoSuchFrameException<br/>        elif status in ErrorCode.NO_SUCH_SHADOW_ROOT:<br/>            exception_class = NoSuchShadowRootException<br/>        elif status in ErrorCode.NO_SUCH_WINDOW:<br/>            exception_class = NoSuchWindowException<br/>        elif status in ErrorCode.STALE_ELEMENT_REFERENCE:<br/>            exception_class = StaleElementReferenceException<br/>        elif status in ErrorCode.ELEMENT_NOT_VISIBLE:<br/>            exception_class = ElementNotVisibleException<br/>        elif status in ErrorCode.INVALID_ELEMENT_STATE:<br/>            exception_class = InvalidElementStateException<br/>        elif (<br/>            status in ErrorCode.INVALID_SELECTOR<br/>            or status in ErrorCode.INVALID_XPATH_SELECTOR<br/>            or status in ErrorCode.INVALID_XPATH_SELECTOR_RETURN_TYPER<br/>        ):<br/>            exception_class = InvalidSelectorException<br/>        elif status in ErrorCode.ELEMENT_IS_NOT_SELECTABLE:<br/>            exception_class = ElementNotSelectableException<br/>        elif status in ErrorCode.ELEMENT_NOT_INTERACTABLE:<br/>            exception_class = ElementNotInteractableException<br/>        elif status in ErrorCode.INVALID_COOKIE_DOMAIN:<br/>            exception_class = InvalidCookieDomainException<br/>        elif status in ErrorCode.UNABLE_TO_SET_COOKIE:<br/>            exception_class = UnableToSetCookieException<br/>        elif status in ErrorCode.TIMEOUT:<br/>            exception_class = TimeoutException<br/>        elif status in ErrorCode.SCRIPT_TIMEOUT:<br/>            exception_class = TimeoutException<br/>        elif status in ErrorCode.UNKNOWN_ERROR:<br/>            exception_class = WebDriverException<br/>        elif status in ErrorCode.UNEXPECTED_ALERT_OPEN:<br/>            exception_class = UnexpectedAlertPresentException<br/>        elif status in ErrorCode.NO_ALERT_OPEN:<br/>            exception_class = NoAlertPresentException<br/>        elif status in ErrorCode.IME_NOT_AVAILABLE:<br/>            exception_class = ImeNotAvailableException<br/>        elif status in ErrorCode.IME_ENGINE_ACTIVATION_FAILED:<br/>            exception_class = ImeActivationFailedException<br/>        elif status in ErrorCode.MOVE_TARGET_OUT_OF_BOUNDS:<br/>            exception_class = MoveTargetOutOfBoundsException<br/>        elif status in ErrorCode.JAVASCRIPT_ERROR:<br/>            exception_class = JavascriptException<br/>        elif status in ErrorCode.SESSION_NOT_CREATED:<br/>            exception_class = SessionNotCreatedException<br/>        elif status in ErrorCode.INVALID_ARGUMENT:<br/>            exception_class = InvalidArgumentException<br/>        elif status in ErrorCode.NO_SUCH_COOKIE:<br/>            exception_class = NoSuchCookieException<br/>        elif status in ErrorCode.UNABLE_TO_CAPTURE_SCREEN:<br/>            exception_class = ScreenshotException<br/>        elif status in ErrorCode.ELEMENT_CLICK_INTERCEPTED:<br/>            exception_class = ElementClickInterceptedException<br/>        elif status in ErrorCode.INSECURE_CERTIFICATE:<br/>            exception_class = InsecureCertificateException<br/>        elif status in ErrorCode.INVALID_COORDINATES:<br/>            exception_class = InvalidCoordinatesException<br/>        elif status in ErrorCode.INVALID_SESSION_ID:<br/>            exception_class = InvalidSessionIdException<br/>        elif status in ErrorCode.UNKNOWN_METHOD:<br/>            exception_class = UnknownMethodException<br/>        else:<br/>            exception_class = WebDriverException<br/>        if not value:<br/>            value = response[&quot;value&quot;]<br/>        if isinstance(value, str):<br/>            raise exception_class(value)<br/>        if message == &quot;&quot; and &quot;message&quot; in value:<br/>            message = value[&quot;message&quot;]<br/>    <br/>        screen = None  # type: ignore[assignment]<br/>        if &quot;screen&quot; in value:<br/>            screen = value[&quot;screen&quot;]<br/>    <br/>        stacktrace = None<br/>        st_value = value.get(&quot;stackTrace&quot;) or value.get(&quot;stacktrace&quot;)<br/>        if st_value:<br/>            if isinstance(st_value, str):<br/>                stacktrace = st_value.split(&quot;\n&quot;)<br/>            else:<br/>                stacktrace = []<br/>                try:<br/>                    for frame in st_value:<br/>                        line = frame.get(&quot;lineNumber&quot;, &quot;&quot;)<br/>                        file = frame.get(&quot;fileName&quot;, &quot;&lt;anonymous&gt;&quot;)<br/>                        if line:<br/>                            file = f&quot;{file}:{line}&quot;<br/>                        meth = frame.get(&quot;methodName&quot;, &quot;&lt;anonymous&gt;&quot;)<br/>                        if &quot;className&quot; in frame:<br/>                            meth = f&quot;{frame[&#x27;className&#x27;]}.{meth}&quot;<br/>                        msg = &quot;    at %s (%s)&quot;<br/>                        msg = msg % (meth, file)<br/>                        stacktrace.append(msg)<br/>                except TypeError:<br/>                    pass<br/>        if exception_class == UnexpectedAlertPresentException:<br/>            alert_text = None<br/>            if &quot;data&quot; in value:<br/>                alert_text = value[&quot;data&quot;].get(&quot;text&quot;)<br/>            elif &quot;alert&quot; in value:<br/>                alert_text = value[&quot;alert&quot;].get(&quot;text&quot;)<br/>            raise exception_class(message, screen, stacktrace, alert_text)  # type: ignore[call-arg]  # mypy is not smart enough here<br/>&gt;       raise exception_class(message, screen, stacktrace)<br/><span class="error">E       selenium.common.exceptions.NoSuchElementException: Message: no such element: Unable to locate element: {&quot;method&quot;:&quot;xpath&quot;,&quot;selector&quot;:&quot;//div[@class=&#x27;legal-consent__button-container&#x27;]&quot;}</span><br/><span class="error">E         (Session info: headless chrome=113.0.5672.126)</span><br/><span class="error">E       Stacktrace:</span><br/><span class="error">E       0   chromedriver                        0x0000000100d0f8ac chromedriver + 4257964</span><br/><span class="error">E       1   chromedriver                        0x0000000100d07f40 chromedriver + 4226880</span><br/><span class="error">E       2   chromedriver                        0x00000001009449d4 chromedriver + 281044</span><br/><span class="error">E       3   chromedriver                        0x000000010097fa34 chromedriver + 522804</span><br/><span class="error">E       4   chromedriver                        0x00000001009b67e4 chromedriver + 747492</span><br/><span class="error">E       5   chromedriver                        0x000000010097398c chromedriver + 473484</span><br/><span class="error">E       6   chromedriver                        0x000000010097498c chromedriver + 477580</span><br/><span class="error">E       7   chromedriver                        0x0000000100cce900 chromedriver + 3991808</span><br/><span class="error">E       8   chromedriver                        0x0000000100cd2354 chromedriver + 4006740</span><br/><span class="error">E       9   chromedriver                        0x0000000100cd2940 chromedriver + 4008256</span><br/><span class="error">E       10  chromedriver                        0x0000000100cd833c chromedriver + 4031292</span><br/><span class="error">E       11  chromedriver                        0x0000000100cd2f34 chromedriver + 4009780</span><br/><span class="error">E       12  chromedriver                        0x0000000100cab490 chromedriver + 3847312</span><br/><span class="error">E       13  chromedriver                        0x0000000100cf09f4 chromedriver + 4131316</span><br/><span class="error">E       14  chromedriver                        0x0000000100cf0b4c chromedriver + 4131660</span><br/><span class="error">E       15  chromedriver                        0x0000000100d01230 chromedriver + 4198960</span><br/><span class="error">E       16  libsystem_pthread.dylib             0x00000001977e7fa8 _pthread_start + 148</span><br/><span class="error">E       17  libsystem_pthread.dylib             0x00000001977e2da0 thread_start + 8</span><br/><br/>venv/lib/python3.9/site-packages/selenium/webdriver/remote/errorhandler.py:245: NoSuchElementException<br/> -----------------------------Captured stdout setup------------------------------ <br/>initiating Chrome driver
Web full screen testing
Headless mode
<br/> ------------------------------Captured stdout call------------------------------ <br/>Page title is Access denied
<br/> ----------------------------Captured stdout teardown---------------------------- <br/>Closed browser
<br/></div></td></tr></tbody>
      <tbody class="failed results-table-row">
        <tr>
          <td class="col-result">Failed</td>
          <td class="col-name">pytest_cases/test_mallcz.py::TestMallcz::test_check_carousel[carousel_four-hooper_four-hp_element_four]</td>
          <td class="col-duration">18.61</td>
          <td class="col-links"></td></tr>
        <tr>
          <td class="extra" colspan="4">
            <div><div class="image"><a href="html_screenshots/scr20230530-122945.png"><img src="html_screenshots/scr20230530-122945.png"></a></div></div>
            <div class="log">driver = &lt;selenium.webdriver.chrome.webdriver.WebDriver (session=&quot;16d3b753f62c54171fc0ea927859266d&quot;)&gt;, page_name = &#x27;mcz_landing&#x27;, key = &#x27;allow_privacy&#x27;<br/><br/>    def clicks(driver, page_name, key):<br/>        try:<br/>&gt;           WebDriverWait(driver, 15).until(ec.visibility_of_element_located(commons.get_by_prefix(page_name, key)))<br/><br/>src/base/base_function.py:12: <br/>_ _ _ _ _ _ _ _ _ _ _ _ _ _ _ _ _ _ _ _ _ _ _ _ _ _ _ _ _ _ _ _ _ _ _ _ _ _ _ _ <br/><br/>self = &lt;selenium.webdriver.support.wait.WebDriverWait (session=&quot;16d3b753f62c54171fc0ea927859266d&quot;)&gt;, method = &lt;function visibility_of_element_located.&lt;locals&gt;._predicate at 0x1065d7ca0&gt;<br/>message = &#x27;&#x27;<br/><br/>    def until(self, method, message: str = &quot;&quot;):<br/>        &quot;&quot;&quot;Calls the method provided with the driver as an argument until the \<br/>        return value does not evaluate to ``False``.<br/>    <br/>        :param method: callable(WebDriver)<br/>        :param message: optional message for :exc:`TimeoutException`<br/>        :returns: the result of the last call to `method`<br/>        :raises: :exc:`selenium.common.exceptions.TimeoutException` if timeout occurs<br/>        &quot;&quot;&quot;<br/>        screen = None<br/>        stacktrace = None<br/>    <br/>        end_time = time.monotonic() + self._timeout<br/>        while True:<br/>            try:<br/>                value = method(self._driver)<br/>                if value:<br/>                    return value<br/>            except self._ignored_exceptions as exc:<br/>                screen = getattr(exc, &quot;screen&quot;, None)<br/>                stacktrace = getattr(exc, &quot;stacktrace&quot;, None)<br/>            time.sleep(self._poll)<br/>            if time.monotonic() &gt; end_time:<br/>                break<br/>&gt;       raise TimeoutException(message, screen, stacktrace)<br/><span class="error">E       selenium.common.exceptions.TimeoutException: Message: </span><br/><span class="error">E       Stacktrace:</span><br/><span class="error">E       0   chromedriver                        0x0000000100acf8ac chromedriver + 4257964</span><br/><span class="error">E       1   chromedriver                        0x0000000100ac7f40 chromedriver + 4226880</span><br/><span class="error">E       2   chromedriver                        0x00000001007049d4 chromedriver + 281044</span><br/><span class="error">E       3   chromedriver                        0x000000010073fa34 chromedriver + 522804</span><br/><span class="error">E       4   chromedriver                        0x00000001007767e4 chromedriver + 747492</span><br/><span class="error">E       5   chromedriver                        0x000000010073398c chromedriver + 473484</span><br/><span class="error">E       6   chromedriver                        0x000000010073498c chromedriver + 477580</span><br/><span class="error">E       7   chromedriver                        0x0000000100a8e900 chromedriver + 3991808</span><br/><span class="error">E       8   chromedriver                        0x0000000100a92354 chromedriver + 4006740</span><br/><span class="error">E       9   chromedriver                        0x0000000100a92940 chromedriver + 4008256</span><br/><span class="error">E       10  chromedriver                        0x0000000100a9833c chromedriver + 4031292</span><br/><span class="error">E       11  chromedriver                        0x0000000100a92f34 chromedriver + 4009780</span><br/><span class="error">E       12  chromedriver                        0x0000000100a6b490 chromedriver + 3847312</span><br/><span class="error">E       13  chromedriver                        0x0000000100ab09f4 chromedriver + 4131316</span><br/><span class="error">E       14  chromedriver                        0x0000000100ab0b4c chromedriver + 4131660</span><br/><span class="error">E       15  chromedriver                        0x0000000100ac1230 chromedriver + 4198960</span><br/><span class="error">E       16  libsystem_pthread.dylib             0x00000001977e7fa8 _pthread_start + 148</span><br/><span class="error">E       17  libsystem_pthread.dylib             0x00000001977e2da0 thread_start + 8</span><br/><br/>venv/lib/python3.9/site-packages/selenium/webdriver/support/wait.py:95: TimeoutException<br/><br/>During handling of the above exception, another exception occurred:<br/><br/>self = &lt;test_mallcz.TestMallcz object at 0x10633a550&gt;, extra = [], carousel_number = &#x27;carousel_four&#x27;, hooper_number = &#x27;hooper_four&#x27;, hp_element_number = &#x27;hp_element_four&#x27;<br/><br/>    @pytest.mark.parametrize(&#x27;carousel_number, hooper_number, hp_element_number&#x27;,<br/>                             [(&quot;carousel_one&quot;, &quot;hooper_one&quot;, &quot;hp_element_one&quot;),<br/>                              (&quot;carousel_two&quot;, &quot;hooper_two&quot;, &quot;hp_element_two&quot;),<br/>                              (&quot;carousel_three&quot;, &quot;hooper_three&quot;, &quot;hp_element_three&quot;),<br/>                              (&quot;carousel_four&quot;, &quot;hooper_four&quot;, &quot;hp_element_four&quot;),<br/>                              (&quot;carousel_five&quot;, &quot;hooper_five&quot;, &quot;hp_element_five&quot;),<br/>                              (&quot;carousel_six&quot;, &quot;hooper_six&quot;, &quot;hp_element_six&quot;),<br/>                              (&quot;carousel_seven&quot;, &quot;hooper_seven&quot;, &quot;hp_element_seven&quot;)])<br/>    def test_check_carousel(self, extra, carousel_number, hooper_number, hp_element_number):<br/>        print(f&quot;Page title is {self.driver.title}&quot;)<br/>&gt;       bf.clicks(self.driver, &quot;mcz_landing&quot;, &quot;allow_privacy&quot;)<br/><br/>pytest_cases/test_mallcz.py:17: <br/>_ _ _ _ _ _ _ _ _ _ _ _ _ _ _ _ _ _ _ _ _ _ _ _ _ _ _ _ _ _ _ _ _ _ _ _ _ _ _ _ <br/>src/base/base_function.py:18: in clicks<br/>    commons.get_element(driver, page_name, key).click()<br/>src/base/commons.py:21: in get_element<br/>    element = driver.find_element(By.XPATH, locator)<br/>venv/lib/python3.9/site-packages/selenium/webdriver/remote/webdriver.py:831: in find_element<br/>    return self.execute(Command.FIND_ELEMENT, {&quot;using&quot;: by, &quot;value&quot;: value})[&quot;value&quot;]<br/>venv/lib/python3.9/site-packages/selenium/webdriver/remote/webdriver.py:440: in execute<br/>    self.error_handler.check_response(response)<br/>_ _ _ _ _ _ _ _ _ _ _ _ _ _ _ _ _ _ _ _ _ _ _ _ _ _ _ _ _ _ _ _ _ _ _ _ _ _ _ _ <br/><br/>self = &lt;selenium.webdriver.remote.errorhandler.ErrorHandler object at 0x1066bfb20&gt;<br/>response = {&#x27;status&#x27;: 404, &#x27;value&#x27;: &#x27;{&quot;value&quot;:{&quot;error&quot;:&quot;no such element&quot;,&quot;message&quot;:&quot;no such element: Unable to locate element: {\...0001977e7fa8 _pthread_start + 148\\n17  libsystem_pthread.dylib             0x00000001977e2da0 thread_start + 8\\n&quot;}}&#x27;}<br/><br/>    def check_response(self, response: Dict[str, Any]) -&gt; None:<br/>        &quot;&quot;&quot;Checks that a JSON response from the WebDriver does not have an<br/>        error.<br/>    <br/>        :Args:<br/>         - response - The JSON response from the WebDriver server as a dictionary<br/>           object.<br/>    <br/>        :Raises: If the response contains an error message.<br/>        &quot;&quot;&quot;<br/>        status = response.get(&quot;status&quot;, None)<br/>        if not status or status == ErrorCode.SUCCESS:<br/>            return<br/>        value = None<br/>        message = response.get(&quot;message&quot;, &quot;&quot;)<br/>        screen: str = response.get(&quot;screen&quot;, &quot;&quot;)<br/>        stacktrace = None<br/>        if isinstance(status, int):<br/>            value_json = response.get(&quot;value&quot;, None)<br/>            if value_json and isinstance(value_json, str):<br/>                import json<br/>    <br/>                try:<br/>                    value = json.loads(value_json)<br/>                    if len(value) == 1:<br/>                        value = value[&quot;value&quot;]<br/>                    status = value.get(&quot;error&quot;, None)<br/>                    if not status:<br/>                        status = value.get(&quot;status&quot;, ErrorCode.UNKNOWN_ERROR)<br/>                        message = value.get(&quot;value&quot;) or value.get(&quot;message&quot;)<br/>                        if not isinstance(message, str):<br/>                            value = message<br/>                            message = message.get(&quot;message&quot;)<br/>                    else:<br/>                        message = value.get(&quot;message&quot;, None)<br/>                except ValueError:<br/>                    pass<br/>    <br/>        exception_class: Type[WebDriverException]<br/>        if status in ErrorCode.NO_SUCH_ELEMENT:<br/>            exception_class = NoSuchElementException<br/>        elif status in ErrorCode.NO_SUCH_FRAME:<br/>            exception_class = NoSuchFrameException<br/>        elif status in ErrorCode.NO_SUCH_SHADOW_ROOT:<br/>            exception_class = NoSuchShadowRootException<br/>        elif status in ErrorCode.NO_SUCH_WINDOW:<br/>            exception_class = NoSuchWindowException<br/>        elif status in ErrorCode.STALE_ELEMENT_REFERENCE:<br/>            exception_class = StaleElementReferenceException<br/>        elif status in ErrorCode.ELEMENT_NOT_VISIBLE:<br/>            exception_class = ElementNotVisibleException<br/>        elif status in ErrorCode.INVALID_ELEMENT_STATE:<br/>            exception_class = InvalidElementStateException<br/>        elif (<br/>            status in ErrorCode.INVALID_SELECTOR<br/>            or status in ErrorCode.INVALID_XPATH_SELECTOR<br/>            or status in ErrorCode.INVALID_XPATH_SELECTOR_RETURN_TYPER<br/>        ):<br/>            exception_class = InvalidSelectorException<br/>        elif status in ErrorCode.ELEMENT_IS_NOT_SELECTABLE:<br/>            exception_class = ElementNotSelectableException<br/>        elif status in ErrorCode.ELEMENT_NOT_INTERACTABLE:<br/>            exception_class = ElementNotInteractableException<br/>        elif status in ErrorCode.INVALID_COOKIE_DOMAIN:<br/>            exception_class = InvalidCookieDomainException<br/>        elif status in ErrorCode.UNABLE_TO_SET_COOKIE:<br/>            exception_class = UnableToSetCookieException<br/>        elif status in ErrorCode.TIMEOUT:<br/>            exception_class = TimeoutException<br/>        elif status in ErrorCode.SCRIPT_TIMEOUT:<br/>            exception_class = TimeoutException<br/>        elif status in ErrorCode.UNKNOWN_ERROR:<br/>            exception_class = WebDriverException<br/>        elif status in ErrorCode.UNEXPECTED_ALERT_OPEN:<br/>            exception_class = UnexpectedAlertPresentException<br/>        elif status in ErrorCode.NO_ALERT_OPEN:<br/>            exception_class = NoAlertPresentException<br/>        elif status in ErrorCode.IME_NOT_AVAILABLE:<br/>            exception_class = ImeNotAvailableException<br/>        elif status in ErrorCode.IME_ENGINE_ACTIVATION_FAILED:<br/>            exception_class = ImeActivationFailedException<br/>        elif status in ErrorCode.MOVE_TARGET_OUT_OF_BOUNDS:<br/>            exception_class = MoveTargetOutOfBoundsException<br/>        elif status in ErrorCode.JAVASCRIPT_ERROR:<br/>            exception_class = JavascriptException<br/>        elif status in ErrorCode.SESSION_NOT_CREATED:<br/>            exception_class = SessionNotCreatedException<br/>        elif status in ErrorCode.INVALID_ARGUMENT:<br/>            exception_class = InvalidArgumentException<br/>        elif status in ErrorCode.NO_SUCH_COOKIE:<br/>            exception_class = NoSuchCookieException<br/>        elif status in ErrorCode.UNABLE_TO_CAPTURE_SCREEN:<br/>            exception_class = ScreenshotException<br/>        elif status in ErrorCode.ELEMENT_CLICK_INTERCEPTED:<br/>            exception_class = ElementClickInterceptedException<br/>        elif status in ErrorCode.INSECURE_CERTIFICATE:<br/>            exception_class = InsecureCertificateException<br/>        elif status in ErrorCode.INVALID_COORDINATES:<br/>            exception_class = InvalidCoordinatesException<br/>        elif status in ErrorCode.INVALID_SESSION_ID:<br/>            exception_class = InvalidSessionIdException<br/>        elif status in ErrorCode.UNKNOWN_METHOD:<br/>            exception_class = UnknownMethodException<br/>        else:<br/>            exception_class = WebDriverException<br/>        if not value:<br/>            value = response[&quot;value&quot;]<br/>        if isinstance(value, str):<br/>            raise exception_class(value)<br/>        if message == &quot;&quot; and &quot;message&quot; in value:<br/>            message = value[&quot;message&quot;]<br/>    <br/>        screen = None  # type: ignore[assignment]<br/>        if &quot;screen&quot; in value:<br/>            screen = value[&quot;screen&quot;]<br/>    <br/>        stacktrace = None<br/>        st_value = value.get(&quot;stackTrace&quot;) or value.get(&quot;stacktrace&quot;)<br/>        if st_value:<br/>            if isinstance(st_value, str):<br/>                stacktrace = st_value.split(&quot;\n&quot;)<br/>            else:<br/>                stacktrace = []<br/>                try:<br/>                    for frame in st_value:<br/>                        line = frame.get(&quot;lineNumber&quot;, &quot;&quot;)<br/>                        file = frame.get(&quot;fileName&quot;, &quot;&lt;anonymous&gt;&quot;)<br/>                        if line:<br/>                            file = f&quot;{file}:{line}&quot;<br/>                        meth = frame.get(&quot;methodName&quot;, &quot;&lt;anonymous&gt;&quot;)<br/>                        if &quot;className&quot; in frame:<br/>                            meth = f&quot;{frame[&#x27;className&#x27;]}.{meth}&quot;<br/>                        msg = &quot;    at %s (%s)&quot;<br/>                        msg = msg % (meth, file)<br/>                        stacktrace.append(msg)<br/>                except TypeError:<br/>                    pass<br/>        if exception_class == UnexpectedAlertPresentException:<br/>            alert_text = None<br/>            if &quot;data&quot; in value:<br/>                alert_text = value[&quot;data&quot;].get(&quot;text&quot;)<br/>            elif &quot;alert&quot; in value:<br/>                alert_text = value[&quot;alert&quot;].get(&quot;text&quot;)<br/>            raise exception_class(message, screen, stacktrace, alert_text)  # type: ignore[call-arg]  # mypy is not smart enough here<br/>&gt;       raise exception_class(message, screen, stacktrace)<br/><span class="error">E       selenium.common.exceptions.NoSuchElementException: Message: no such element: Unable to locate element: {&quot;method&quot;:&quot;xpath&quot;,&quot;selector&quot;:&quot;//div[@class=&#x27;legal-consent__button-container&#x27;]&quot;}</span><br/><span class="error">E         (Session info: headless chrome=113.0.5672.126)</span><br/><span class="error">E       Stacktrace:</span><br/><span class="error">E       0   chromedriver                        0x0000000100acf8ac chromedriver + 4257964</span><br/><span class="error">E       1   chromedriver                        0x0000000100ac7f40 chromedriver + 4226880</span><br/><span class="error">E       2   chromedriver                        0x00000001007049d4 chromedriver + 281044</span><br/><span class="error">E       3   chromedriver                        0x000000010073fa34 chromedriver + 522804</span><br/><span class="error">E       4   chromedriver                        0x00000001007767e4 chromedriver + 747492</span><br/><span class="error">E       5   chromedriver                        0x000000010073398c chromedriver + 473484</span><br/><span class="error">E       6   chromedriver                        0x000000010073498c chromedriver + 477580</span><br/><span class="error">E       7   chromedriver                        0x0000000100a8e900 chromedriver + 3991808</span><br/><span class="error">E       8   chromedriver                        0x0000000100a92354 chromedriver + 4006740</span><br/><span class="error">E       9   chromedriver                        0x0000000100a92940 chromedriver + 4008256</span><br/><span class="error">E       10  chromedriver                        0x0000000100a9833c chromedriver + 4031292</span><br/><span class="error">E       11  chromedriver                        0x0000000100a92f34 chromedriver + 4009780</span><br/><span class="error">E       12  chromedriver                        0x0000000100a6b490 chromedriver + 3847312</span><br/><span class="error">E       13  chromedriver                        0x0000000100ab09f4 chromedriver + 4131316</span><br/><span class="error">E       14  chromedriver                        0x0000000100ab0b4c chromedriver + 4131660</span><br/><span class="error">E       15  chromedriver                        0x0000000100ac1230 chromedriver + 4198960</span><br/><span class="error">E       16  libsystem_pthread.dylib             0x00000001977e7fa8 _pthread_start + 148</span><br/><span class="error">E       17  libsystem_pthread.dylib             0x00000001977e2da0 thread_start + 8</span><br/><br/>venv/lib/python3.9/site-packages/selenium/webdriver/remote/errorhandler.py:245: NoSuchElementException<br/> -----------------------------Captured stdout setup------------------------------ <br/>initiating Chrome driver
Web full screen testing
Headless mode
<br/> ------------------------------Captured stdout call------------------------------ <br/>Page title is Access denied
<br/> ----------------------------Captured stdout teardown---------------------------- <br/>Closed browser
<br/></div></td></tr></tbody>
      <tbody class="failed results-table-row">
        <tr>
          <td class="col-result">Failed</td>
          <td class="col-name">pytest_cases/test_mallcz.py::TestMallcz::test_check_carousel[carousel_five-hooper_five-hp_element_five]</td>
          <td class="col-duration">18.66</td>
          <td class="col-links"></td></tr>
        <tr>
          <td class="extra" colspan="4">
            <div><div class="image"><a href="html_screenshots/scr20230530-123005.png"><img src="html_screenshots/scr20230530-123005.png"></a></div></div>
            <div class="log">driver = &lt;selenium.webdriver.chrome.webdriver.WebDriver (session=&quot;4c11e97078e922e3ed0e85670e990b1d&quot;)&gt;, page_name = &#x27;mcz_landing&#x27;, key = &#x27;allow_privacy&#x27;<br/><br/>    def clicks(driver, page_name, key):<br/>        try:<br/>&gt;           WebDriverWait(driver, 15).until(ec.visibility_of_element_located(commons.get_by_prefix(page_name, key)))<br/><br/>src/base/base_function.py:12: <br/>_ _ _ _ _ _ _ _ _ _ _ _ _ _ _ _ _ _ _ _ _ _ _ _ _ _ _ _ _ _ _ _ _ _ _ _ _ _ _ _ <br/><br/>self = &lt;selenium.webdriver.support.wait.WebDriverWait (session=&quot;4c11e97078e922e3ed0e85670e990b1d&quot;)&gt;, method = &lt;function visibility_of_element_located.&lt;locals&gt;._predicate at 0x1065cd1f0&gt;<br/>message = &#x27;&#x27;<br/><br/>    def until(self, method, message: str = &quot;&quot;):<br/>        &quot;&quot;&quot;Calls the method provided with the driver as an argument until the \<br/>        return value does not evaluate to ``False``.<br/>    <br/>        :param method: callable(WebDriver)<br/>        :param message: optional message for :exc:`TimeoutException`<br/>        :returns: the result of the last call to `method`<br/>        :raises: :exc:`selenium.common.exceptions.TimeoutException` if timeout occurs<br/>        &quot;&quot;&quot;<br/>        screen = None<br/>        stacktrace = None<br/>    <br/>        end_time = time.monotonic() + self._timeout<br/>        while True:<br/>            try:<br/>                value = method(self._driver)<br/>                if value:<br/>                    return value<br/>            except self._ignored_exceptions as exc:<br/>                screen = getattr(exc, &quot;screen&quot;, None)<br/>                stacktrace = getattr(exc, &quot;stacktrace&quot;, None)<br/>            time.sleep(self._poll)<br/>            if time.monotonic() &gt; end_time:<br/>                break<br/>&gt;       raise TimeoutException(message, screen, stacktrace)<br/><span class="error">E       selenium.common.exceptions.TimeoutException: Message: </span><br/><span class="error">E       Stacktrace:</span><br/><span class="error">E       0   chromedriver                        0x00000001029eb8ac chromedriver + 4257964</span><br/><span class="error">E       1   chromedriver                        0x00000001029e3f40 chromedriver + 4226880</span><br/><span class="error">E       2   chromedriver                        0x00000001026209d4 chromedriver + 281044</span><br/><span class="error">E       3   chromedriver                        0x000000010265ba34 chromedriver + 522804</span><br/><span class="error">E       4   chromedriver                        0x00000001026927e4 chromedriver + 747492</span><br/><span class="error">E       5   chromedriver                        0x000000010264f98c chromedriver + 473484</span><br/><span class="error">E       6   chromedriver                        0x000000010265098c chromedriver + 477580</span><br/><span class="error">E       7   chromedriver                        0x00000001029aa900 chromedriver + 3991808</span><br/><span class="error">E       8   chromedriver                        0x00000001029ae354 chromedriver + 4006740</span><br/><span class="error">E       9   chromedriver                        0x00000001029ae940 chromedriver + 4008256</span><br/><span class="error">E       10  chromedriver                        0x00000001029b433c chromedriver + 4031292</span><br/><span class="error">E       11  chromedriver                        0x00000001029aef34 chromedriver + 4009780</span><br/><span class="error">E       12  chromedriver                        0x0000000102987490 chromedriver + 3847312</span><br/><span class="error">E       13  chromedriver                        0x00000001029cc9f4 chromedriver + 4131316</span><br/><span class="error">E       14  chromedriver                        0x00000001029ccb4c chromedriver + 4131660</span><br/><span class="error">E       15  chromedriver                        0x00000001029dd230 chromedriver + 4198960</span><br/><span class="error">E       16  libsystem_pthread.dylib             0x00000001977e7fa8 _pthread_start + 148</span><br/><span class="error">E       17  libsystem_pthread.dylib             0x00000001977e2da0 thread_start + 8</span><br/><br/>venv/lib/python3.9/site-packages/selenium/webdriver/support/wait.py:95: TimeoutException<br/><br/>During handling of the above exception, another exception occurred:<br/><br/>self = &lt;test_mallcz.TestMallcz object at 0x10633a7f0&gt;, extra = [], carousel_number = &#x27;carousel_five&#x27;, hooper_number = &#x27;hooper_five&#x27;, hp_element_number = &#x27;hp_element_five&#x27;<br/><br/>    @pytest.mark.parametrize(&#x27;carousel_number, hooper_number, hp_element_number&#x27;,<br/>                             [(&quot;carousel_one&quot;, &quot;hooper_one&quot;, &quot;hp_element_one&quot;),<br/>                              (&quot;carousel_two&quot;, &quot;hooper_two&quot;, &quot;hp_element_two&quot;),<br/>                              (&quot;carousel_three&quot;, &quot;hooper_three&quot;, &quot;hp_element_three&quot;),<br/>                              (&quot;carousel_four&quot;, &quot;hooper_four&quot;, &quot;hp_element_four&quot;),<br/>                              (&quot;carousel_five&quot;, &quot;hooper_five&quot;, &quot;hp_element_five&quot;),<br/>                              (&quot;carousel_six&quot;, &quot;hooper_six&quot;, &quot;hp_element_six&quot;),<br/>                              (&quot;carousel_seven&quot;, &quot;hooper_seven&quot;, &quot;hp_element_seven&quot;)])<br/>    def test_check_carousel(self, extra, carousel_number, hooper_number, hp_element_number):<br/>        print(f&quot;Page title is {self.driver.title}&quot;)<br/>&gt;       bf.clicks(self.driver, &quot;mcz_landing&quot;, &quot;allow_privacy&quot;)<br/><br/>pytest_cases/test_mallcz.py:17: <br/>_ _ _ _ _ _ _ _ _ _ _ _ _ _ _ _ _ _ _ _ _ _ _ _ _ _ _ _ _ _ _ _ _ _ _ _ _ _ _ _ <br/>src/base/base_function.py:18: in clicks<br/>    commons.get_element(driver, page_name, key).click()<br/>src/base/commons.py:21: in get_element<br/>    element = driver.find_element(By.XPATH, locator)<br/>venv/lib/python3.9/site-packages/selenium/webdriver/remote/webdriver.py:831: in find_element<br/>    return self.execute(Command.FIND_ELEMENT, {&quot;using&quot;: by, &quot;value&quot;: value})[&quot;value&quot;]<br/>venv/lib/python3.9/site-packages/selenium/webdriver/remote/webdriver.py:440: in execute<br/>    self.error_handler.check_response(response)<br/>_ _ _ _ _ _ _ _ _ _ _ _ _ _ _ _ _ _ _ _ _ _ _ _ _ _ _ _ _ _ _ _ _ _ _ _ _ _ _ _ <br/><br/>self = &lt;selenium.webdriver.remote.errorhandler.ErrorHandler object at 0x1067014f0&gt;<br/>response = {&#x27;status&#x27;: 404, &#x27;value&#x27;: &#x27;{&quot;value&quot;:{&quot;error&quot;:&quot;no such element&quot;,&quot;message&quot;:&quot;no such element: Unable to locate element: {\...0001977e7fa8 _pthread_start + 148\\n17  libsystem_pthread.dylib             0x00000001977e2da0 thread_start + 8\\n&quot;}}&#x27;}<br/><br/>    def check_response(self, response: Dict[str, Any]) -&gt; None:<br/>        &quot;&quot;&quot;Checks that a JSON response from the WebDriver does not have an<br/>        error.<br/>    <br/>        :Args:<br/>         - response - The JSON response from the WebDriver server as a dictionary<br/>           object.<br/>    <br/>        :Raises: If the response contains an error message.<br/>        &quot;&quot;&quot;<br/>        status = response.get(&quot;status&quot;, None)<br/>        if not status or status == ErrorCode.SUCCESS:<br/>            return<br/>        value = None<br/>        message = response.get(&quot;message&quot;, &quot;&quot;)<br/>        screen: str = response.get(&quot;screen&quot;, &quot;&quot;)<br/>        stacktrace = None<br/>        if isinstance(status, int):<br/>            value_json = response.get(&quot;value&quot;, None)<br/>            if value_json and isinstance(value_json, str):<br/>                import json<br/>    <br/>                try:<br/>                    value = json.loads(value_json)<br/>                    if len(value) == 1:<br/>                        value = value[&quot;value&quot;]<br/>                    status = value.get(&quot;error&quot;, None)<br/>                    if not status:<br/>                        status = value.get(&quot;status&quot;, ErrorCode.UNKNOWN_ERROR)<br/>                        message = value.get(&quot;value&quot;) or value.get(&quot;message&quot;)<br/>                        if not isinstance(message, str):<br/>                            value = message<br/>                            message = message.get(&quot;message&quot;)<br/>                    else:<br/>                        message = value.get(&quot;message&quot;, None)<br/>                except ValueError:<br/>                    pass<br/>    <br/>        exception_class: Type[WebDriverException]<br/>        if status in ErrorCode.NO_SUCH_ELEMENT:<br/>            exception_class = NoSuchElementException<br/>        elif status in ErrorCode.NO_SUCH_FRAME:<br/>            exception_class = NoSuchFrameException<br/>        elif status in ErrorCode.NO_SUCH_SHADOW_ROOT:<br/>            exception_class = NoSuchShadowRootException<br/>        elif status in ErrorCode.NO_SUCH_WINDOW:<br/>            exception_class = NoSuchWindowException<br/>        elif status in ErrorCode.STALE_ELEMENT_REFERENCE:<br/>            exception_class = StaleElementReferenceException<br/>        elif status in ErrorCode.ELEMENT_NOT_VISIBLE:<br/>            exception_class = ElementNotVisibleException<br/>        elif status in ErrorCode.INVALID_ELEMENT_STATE:<br/>            exception_class = InvalidElementStateException<br/>        elif (<br/>            status in ErrorCode.INVALID_SELECTOR<br/>            or status in ErrorCode.INVALID_XPATH_SELECTOR<br/>            or status in ErrorCode.INVALID_XPATH_SELECTOR_RETURN_TYPER<br/>        ):<br/>            exception_class = InvalidSelectorException<br/>        elif status in ErrorCode.ELEMENT_IS_NOT_SELECTABLE:<br/>            exception_class = ElementNotSelectableException<br/>        elif status in ErrorCode.ELEMENT_NOT_INTERACTABLE:<br/>            exception_class = ElementNotInteractableException<br/>        elif status in ErrorCode.INVALID_COOKIE_DOMAIN:<br/>            exception_class = InvalidCookieDomainException<br/>        elif status in ErrorCode.UNABLE_TO_SET_COOKIE:<br/>            exception_class = UnableToSetCookieException<br/>        elif status in ErrorCode.TIMEOUT:<br/>            exception_class = TimeoutException<br/>        elif status in ErrorCode.SCRIPT_TIMEOUT:<br/>            exception_class = TimeoutException<br/>        elif status in ErrorCode.UNKNOWN_ERROR:<br/>            exception_class = WebDriverException<br/>        elif status in ErrorCode.UNEXPECTED_ALERT_OPEN:<br/>            exception_class = UnexpectedAlertPresentException<br/>        elif status in ErrorCode.NO_ALERT_OPEN:<br/>            exception_class = NoAlertPresentException<br/>        elif status in ErrorCode.IME_NOT_AVAILABLE:<br/>            exception_class = ImeNotAvailableException<br/>        elif status in ErrorCode.IME_ENGINE_ACTIVATION_FAILED:<br/>            exception_class = ImeActivationFailedException<br/>        elif status in ErrorCode.MOVE_TARGET_OUT_OF_BOUNDS:<br/>            exception_class = MoveTargetOutOfBoundsException<br/>        elif status in ErrorCode.JAVASCRIPT_ERROR:<br/>            exception_class = JavascriptException<br/>        elif status in ErrorCode.SESSION_NOT_CREATED:<br/>            exception_class = SessionNotCreatedException<br/>        elif status in ErrorCode.INVALID_ARGUMENT:<br/>            exception_class = InvalidArgumentException<br/>        elif status in ErrorCode.NO_SUCH_COOKIE:<br/>            exception_class = NoSuchCookieException<br/>        elif status in ErrorCode.UNABLE_TO_CAPTURE_SCREEN:<br/>            exception_class = ScreenshotException<br/>        elif status in ErrorCode.ELEMENT_CLICK_INTERCEPTED:<br/>            exception_class = ElementClickInterceptedException<br/>        elif status in ErrorCode.INSECURE_CERTIFICATE:<br/>            exception_class = InsecureCertificateException<br/>        elif status in ErrorCode.INVALID_COORDINATES:<br/>            exception_class = InvalidCoordinatesException<br/>        elif status in ErrorCode.INVALID_SESSION_ID:<br/>            exception_class = InvalidSessionIdException<br/>        elif status in ErrorCode.UNKNOWN_METHOD:<br/>            exception_class = UnknownMethodException<br/>        else:<br/>            exception_class = WebDriverException<br/>        if not value:<br/>            value = response[&quot;value&quot;]<br/>        if isinstance(value, str):<br/>            raise exception_class(value)<br/>        if message == &quot;&quot; and &quot;message&quot; in value:<br/>            message = value[&quot;message&quot;]<br/>    <br/>        screen = None  # type: ignore[assignment]<br/>        if &quot;screen&quot; in value:<br/>            screen = value[&quot;screen&quot;]<br/>    <br/>        stacktrace = None<br/>        st_value = value.get(&quot;stackTrace&quot;) or value.get(&quot;stacktrace&quot;)<br/>        if st_value:<br/>            if isinstance(st_value, str):<br/>                stacktrace = st_value.split(&quot;\n&quot;)<br/>            else:<br/>                stacktrace = []<br/>                try:<br/>                    for frame in st_value:<br/>                        line = frame.get(&quot;lineNumber&quot;, &quot;&quot;)<br/>                        file = frame.get(&quot;fileName&quot;, &quot;&lt;anonymous&gt;&quot;)<br/>                        if line:<br/>                            file = f&quot;{file}:{line}&quot;<br/>                        meth = frame.get(&quot;methodName&quot;, &quot;&lt;anonymous&gt;&quot;)<br/>                        if &quot;className&quot; in frame:<br/>                            meth = f&quot;{frame[&#x27;className&#x27;]}.{meth}&quot;<br/>                        msg = &quot;    at %s (%s)&quot;<br/>                        msg = msg % (meth, file)<br/>                        stacktrace.append(msg)<br/>                except TypeError:<br/>                    pass<br/>        if exception_class == UnexpectedAlertPresentException:<br/>            alert_text = None<br/>            if &quot;data&quot; in value:<br/>                alert_text = value[&quot;data&quot;].get(&quot;text&quot;)<br/>            elif &quot;alert&quot; in value:<br/>                alert_text = value[&quot;alert&quot;].get(&quot;text&quot;)<br/>            raise exception_class(message, screen, stacktrace, alert_text)  # type: ignore[call-arg]  # mypy is not smart enough here<br/>&gt;       raise exception_class(message, screen, stacktrace)<br/><span class="error">E       selenium.common.exceptions.NoSuchElementException: Message: no such element: Unable to locate element: {&quot;method&quot;:&quot;xpath&quot;,&quot;selector&quot;:&quot;//div[@class=&#x27;legal-consent__button-container&#x27;]&quot;}</span><br/><span class="error">E         (Session info: headless chrome=113.0.5672.126)</span><br/><span class="error">E       Stacktrace:</span><br/><span class="error">E       0   chromedriver                        0x00000001029eb8ac chromedriver + 4257964</span><br/><span class="error">E       1   chromedriver                        0x00000001029e3f40 chromedriver + 4226880</span><br/><span class="error">E       2   chromedriver                        0x00000001026209d4 chromedriver + 281044</span><br/><span class="error">E       3   chromedriver                        0x000000010265ba34 chromedriver + 522804</span><br/><span class="error">E       4   chromedriver                        0x00000001026927e4 chromedriver + 747492</span><br/><span class="error">E       5   chromedriver                        0x000000010264f98c chromedriver + 473484</span><br/><span class="error">E       6   chromedriver                        0x000000010265098c chromedriver + 477580</span><br/><span class="error">E       7   chromedriver                        0x00000001029aa900 chromedriver + 3991808</span><br/><span class="error">E       8   chromedriver                        0x00000001029ae354 chromedriver + 4006740</span><br/><span class="error">E       9   chromedriver                        0x00000001029ae940 chromedriver + 4008256</span><br/><span class="error">E       10  chromedriver                        0x00000001029b433c chromedriver + 4031292</span><br/><span class="error">E       11  chromedriver                        0x00000001029aef34 chromedriver + 4009780</span><br/><span class="error">E       12  chromedriver                        0x0000000102987490 chromedriver + 3847312</span><br/><span class="error">E       13  chromedriver                        0x00000001029cc9f4 chromedriver + 4131316</span><br/><span class="error">E       14  chromedriver                        0x00000001029ccb4c chromedriver + 4131660</span><br/><span class="error">E       15  chromedriver                        0x00000001029dd230 chromedriver + 4198960</span><br/><span class="error">E       16  libsystem_pthread.dylib             0x00000001977e7fa8 _pthread_start + 148</span><br/><span class="error">E       17  libsystem_pthread.dylib             0x00000001977e2da0 thread_start + 8</span><br/><br/>venv/lib/python3.9/site-packages/selenium/webdriver/remote/errorhandler.py:245: NoSuchElementException<br/> -----------------------------Captured stdout setup------------------------------ <br/>initiating Chrome driver
Web full screen testing
Headless mode
<br/> ------------------------------Captured stdout call------------------------------ <br/>Page title is Access denied
<br/> ----------------------------Captured stdout teardown---------------------------- <br/>Closed browser
<br/></div></td></tr></tbody>
      <tbody class="failed results-table-row">
        <tr>
          <td class="col-result">Failed</td>
          <td class="col-name">pytest_cases/test_mallcz.py::TestMallcz::test_check_carousel[carousel_six-hooper_six-hp_element_six]</td>
          <td class="col-duration">18.88</td>
          <td class="col-links"></td></tr>
        <tr>
          <td class="extra" colspan="4">
            <div><div class="image"><a href="html_screenshots/scr20230530-123025.png"><img src="html_screenshots/scr20230530-123025.png"></a></div></div>
            <div class="log">driver = &lt;selenium.webdriver.chrome.webdriver.WebDriver (session=&quot;31169f01287a18ffb5e586aba7278f01&quot;)&gt;, page_name = &#x27;mcz_landing&#x27;, key = &#x27;allow_privacy&#x27;<br/><br/>    try:<br/>        WebDriverWait(driver, 15).until(ec.visibility_of_element_located(commons.get_by_prefix(page_name, key)))<br/>&gt;       WebDriverWait(driver, 15).until(ec.element_to_be_clickable(commons.get_by_prefix(page_name, key)))<br/><br/>src/base/base_function.py:12: <br/>_ _ _ _ _ _ _ _ _ _ _ _ _ _ _ _ _ _ _ _ _ _ _ _ _ _ _ _ _ _ _ _ _ _ _ _ _ _ _ _ <br/><br/>self = &lt;selenium.webdriver.support.wait.WebDriverWait (session=&quot;31169f01287a18ffb5e586aba7278f01&quot;)&gt;, method = &lt;function visibility_of_element_located.&lt;locals&gt;._predicate at 0x1065f44c0&gt;<br/>message = &#x27;&#x27;<br/><br/>    def until(self, method, message: str = &quot;&quot;):<br/>        &quot;&quot;&quot;Calls the method provided with the driver as an argument until the \<br/>        return value does not evaluate to ``False``.<br/>    <br/>        :param method: callable(WebDriver)<br/>        :param message: optional message for :exc:`TimeoutException`<br/>        :returns: the result of the last call to `method`<br/>        :raises: :exc:`selenium.common.exceptions.TimeoutException` if timeout occurs<br/>        &quot;&quot;&quot;<br/>        screen = None<br/>        stacktrace = None<br/>    <br/>        end_time = time.monotonic() + self._timeout<br/>        while True:<br/>            try:<br/>                value = method(self._driver)<br/>                if value:<br/>                    return value<br/>            except self._ignored_exceptions as exc:<br/>                screen = getattr(exc, &quot;screen&quot;, None)<br/>                stacktrace = getattr(exc, &quot;stacktrace&quot;, None)<br/>            time.sleep(self._poll)<br/>            if time.monotonic() &gt; end_time:<br/>                break<br/>&gt;       raise TimeoutException(message, screen, stacktrace)<br/><span class="error">E       selenium.common.exceptions.TimeoutException: Message: </span><br/><span class="error">E       Stacktrace:</span><br/><span class="error">E       0   chromedriver                        0x00000001028378ac chromedriver + 4257964</span><br/><span class="error">E       1   chromedriver                        0x000000010282ff40 chromedriver + 4226880</span><br/><span class="error">E       2   chromedriver                        0x000000010246c9d4 chromedriver + 281044</span><br/><span class="error">E       3   chromedriver                        0x00000001024a7a34 chromedriver + 522804</span><br/><span class="error">E       4   chromedriver                        0x00000001024de7e4 chromedriver + 747492</span><br/><span class="error">E       5   chromedriver                        0x000000010249b98c chromedriver + 473484</span><br/><span class="error">E       6   chromedriver                        0x000000010249c98c chromedriver + 477580</span><br/><span class="error">E       7   chromedriver                        0x00000001027f6900 chromedriver + 3991808</span><br/><span class="error">E       8   chromedriver                        0x00000001027fa354 chromedriver + 4006740</span><br/><span class="error">E       9   chromedriver                        0x00000001027fa940 chromedriver + 4008256</span><br/><span class="error">E       10  chromedriver                        0x000000010280033c chromedriver + 4031292</span><br/><span class="error">E       11  chromedriver                        0x00000001027faf34 chromedriver + 4009780</span><br/><span class="error">E       12  chromedriver                        0x00000001027d3490 chromedriver + 3847312</span><br/><span class="error">E       13  chromedriver                        0x00000001028189f4 chromedriver + 4131316</span><br/><span class="error">E       14  chromedriver                        0x0000000102818b4c chromedriver + 4131660</span><br/><span class="error">E       15  chromedriver                        0x0000000102829230 chromedriver + 4198960</span><br/><span class="error">E       16  libsystem_pthread.dylib             0x00000001977e7fa8 _pthread_start + 148</span><br/><span class="error">E       17  libsystem_pthread.dylib             0x00000001977e2da0 thread_start + 8</span><br/><br/>venv/lib/python3.9/site-packages/selenium/webdriver/support/wait.py:95: TimeoutException<br/><br/>During handling of the above exception, another exception occurred:<br/><br/>self = &lt;test_mallcz.TestMallcz object at 0x10633efa0&gt;, extra = [], carousel_number = &#x27;carousel_six&#x27;, hooper_number = &#x27;hooper_six&#x27;, hp_element_number = &#x27;hp_element_six&#x27;<br/><br/>    @pytest.mark.parametrize(&#x27;carousel_number, hooper_number, hp_element_number&#x27;,<br/>                             [(&quot;carousel_one&quot;, &quot;hooper_one&quot;, &quot;hp_element_one&quot;),<br/>                              (&quot;carousel_two&quot;, &quot;hooper_two&quot;, &quot;hp_element_two&quot;),<br/>                              (&quot;carousel_three&quot;, &quot;hooper_three&quot;, &quot;hp_element_three&quot;),<br/>                              (&quot;carousel_four&quot;, &quot;hooper_four&quot;, &quot;hp_element_four&quot;),<br/>                              (&quot;carousel_five&quot;, &quot;hooper_five&quot;, &quot;hp_element_five&quot;),<br/>                              (&quot;carousel_six&quot;, &quot;hooper_six&quot;, &quot;hp_element_six&quot;),<br/>                              (&quot;carousel_seven&quot;, &quot;hooper_seven&quot;, &quot;hp_element_seven&quot;)])<br/>    def test_check_carousel(self, extra, carousel_number, hooper_number, hp_element_number):<br/>        print(f&quot;Page title is {self.driver.title}&quot;)<br/>&gt;       bf.clicks(self.driver, &quot;mcz_landing&quot;, &quot;allow_privacy&quot;)<br/><br/>pytest_cases/test_mallcz.py:17: <br/>_ _ _ _ _ _ _ _ _ _ _ _ _ _ _ _ _ _ _ _ _ _ _ _ _ _ _ _ _ _ _ _ _ _ _ _ _ _ _ _ <br/>src/base/base_function.py:18: in clicks<br/>    print(f&quot;2nd try: Clicks Element {key} from Page {page_name}&quot;)<br/>src/base/commons.py:21: in get_element<br/>    element = driver.find_element(By.XPATH, locator)<br/>venv/lib/python3.9/site-packages/selenium/webdriver/remote/webdriver.py:831: in find_element<br/>    return self.execute(Command.FIND_ELEMENT, {&quot;using&quot;: by, &quot;value&quot;: value})[&quot;value&quot;]<br/>venv/lib/python3.9/site-packages/selenium/webdriver/remote/webdriver.py:440: in execute<br/>    self.error_handler.check_response(response)<br/>_ _ _ _ _ _ _ _ _ _ _ _ _ _ _ _ _ _ _ _ _ _ _ _ _ _ _ _ _ _ _ _ _ _ _ _ _ _ _ _ <br/><br/>self = &lt;selenium.webdriver.remote.errorhandler.ErrorHandler object at 0x1066e5a00&gt;<br/>response = {&#x27;status&#x27;: 404, &#x27;value&#x27;: &#x27;{&quot;value&quot;:{&quot;error&quot;:&quot;no such element&quot;,&quot;message&quot;:&quot;no such element: Unable to locate element: {\...0001977e7fa8 _pthread_start + 148\\n17  libsystem_pthread.dylib             0x00000001977e2da0 thread_start + 8\\n&quot;}}&#x27;}<br/><br/>    def check_response(self, response: Dict[str, Any]) -&gt; None:<br/>        &quot;&quot;&quot;Checks that a JSON response from the WebDriver does not have an<br/>        error.<br/>    <br/>        :Args:<br/>         - response - The JSON response from the WebDriver server as a dictionary<br/>           object.<br/>    <br/>        :Raises: If the response contains an error message.<br/>        &quot;&quot;&quot;<br/>        status = response.get(&quot;status&quot;, None)<br/>        if not status or status == ErrorCode.SUCCESS:<br/>            return<br/>        value = None<br/>        message = response.get(&quot;message&quot;, &quot;&quot;)<br/>        screen: str = response.get(&quot;screen&quot;, &quot;&quot;)<br/>        stacktrace = None<br/>        if isinstance(status, int):<br/>            value_json = response.get(&quot;value&quot;, None)<br/>            if value_json and isinstance(value_json, str):<br/>                import json<br/>    <br/>                try:<br/>                    value = json.loads(value_json)<br/>                    if len(value) == 1:<br/>                        value = value[&quot;value&quot;]<br/>                    status = value.get(&quot;error&quot;, None)<br/>                    if not status:<br/>                        status = value.get(&quot;status&quot;, ErrorCode.UNKNOWN_ERROR)<br/>                        message = value.get(&quot;value&quot;) or value.get(&quot;message&quot;)<br/>                        if not isinstance(message, str):<br/>                            value = message<br/>                            message = message.get(&quot;message&quot;)<br/>                    else:<br/>                        message = value.get(&quot;message&quot;, None)<br/>                except ValueError:<br/>                    pass<br/>    <br/>        exception_class: Type[WebDriverException]<br/>        if status in ErrorCode.NO_SUCH_ELEMENT:<br/>            exception_class = NoSuchElementException<br/>        elif status in ErrorCode.NO_SUCH_FRAME:<br/>            exception_class = NoSuchFrameException<br/>        elif status in ErrorCode.NO_SUCH_SHADOW_ROOT:<br/>            exception_class = NoSuchShadowRootException<br/>        elif status in ErrorCode.NO_SUCH_WINDOW:<br/>            exception_class = NoSuchWindowException<br/>        elif status in ErrorCode.STALE_ELEMENT_REFERENCE:<br/>            exception_class = StaleElementReferenceException<br/>        elif status in ErrorCode.ELEMENT_NOT_VISIBLE:<br/>            exception_class = ElementNotVisibleException<br/>        elif status in ErrorCode.INVALID_ELEMENT_STATE:<br/>            exception_class = InvalidElementStateException<br/>        elif (<br/>            status in ErrorCode.INVALID_SELECTOR<br/>            or status in ErrorCode.INVALID_XPATH_SELECTOR<br/>            or status in ErrorCode.INVALID_XPATH_SELECTOR_RETURN_TYPER<br/>        ):<br/>            exception_class = InvalidSelectorException<br/>        elif status in ErrorCode.ELEMENT_IS_NOT_SELECTABLE:<br/>            exception_class = ElementNotSelectableException<br/>        elif status in ErrorCode.ELEMENT_NOT_INTERACTABLE:<br/>            exception_class = ElementNotInteractableException<br/>        elif status in ErrorCode.INVALID_COOKIE_DOMAIN:<br/>            exception_class = InvalidCookieDomainException<br/>        elif status in ErrorCode.UNABLE_TO_SET_COOKIE:<br/>            exception_class = UnableToSetCookieException<br/>        elif status in ErrorCode.TIMEOUT:<br/>            exception_class = TimeoutException<br/>        elif status in ErrorCode.SCRIPT_TIMEOUT:<br/>            exception_class = TimeoutException<br/>        elif status in ErrorCode.UNKNOWN_ERROR:<br/>            exception_class = WebDriverException<br/>        elif status in ErrorCode.UNEXPECTED_ALERT_OPEN:<br/>            exception_class = UnexpectedAlertPresentException<br/>        elif status in ErrorCode.NO_ALERT_OPEN:<br/>            exception_class = NoAlertPresentException<br/>        elif status in ErrorCode.IME_NOT_AVAILABLE:<br/>            exception_class = ImeNotAvailableException<br/>        elif status in ErrorCode.IME_ENGINE_ACTIVATION_FAILED:<br/>            exception_class = ImeActivationFailedException<br/>        elif status in ErrorCode.MOVE_TARGET_OUT_OF_BOUNDS:<br/>            exception_class = MoveTargetOutOfBoundsException<br/>        elif status in ErrorCode.JAVASCRIPT_ERROR:<br/>            exception_class = JavascriptException<br/>        elif status in ErrorCode.SESSION_NOT_CREATED:<br/>            exception_class = SessionNotCreatedException<br/>        elif status in ErrorCode.INVALID_ARGUMENT:<br/>            exception_class = InvalidArgumentException<br/>        elif status in ErrorCode.NO_SUCH_COOKIE:<br/>            exception_class = NoSuchCookieException<br/>        elif status in ErrorCode.UNABLE_TO_CAPTURE_SCREEN:<br/>            exception_class = ScreenshotException<br/>        elif status in ErrorCode.ELEMENT_CLICK_INTERCEPTED:<br/>            exception_class = ElementClickInterceptedException<br/>        elif status in ErrorCode.INSECURE_CERTIFICATE:<br/>            exception_class = InsecureCertificateException<br/>        elif status in ErrorCode.INVALID_COORDINATES:<br/>            exception_class = InvalidCoordinatesException<br/>        elif status in ErrorCode.INVALID_SESSION_ID:<br/>            exception_class = InvalidSessionIdException<br/>        elif status in ErrorCode.UNKNOWN_METHOD:<br/>            exception_class = UnknownMethodException<br/>        else:<br/>            exception_class = WebDriverException<br/>        if not value:<br/>            value = response[&quot;value&quot;]<br/>        if isinstance(value, str):<br/>            raise exception_class(value)<br/>        if message == &quot;&quot; and &quot;message&quot; in value:<br/>            message = value[&quot;message&quot;]<br/>    <br/>        screen = None  # type: ignore[assignment]<br/>        if &quot;screen&quot; in value:<br/>            screen = value[&quot;screen&quot;]<br/>    <br/>        stacktrace = None<br/>        st_value = value.get(&quot;stackTrace&quot;) or value.get(&quot;stacktrace&quot;)<br/>        if st_value:<br/>            if isinstance(st_value, str):<br/>                stacktrace = st_value.split(&quot;\n&quot;)<br/>            else:<br/>                stacktrace = []<br/>                try:<br/>                    for frame in st_value:<br/>                        line = frame.get(&quot;lineNumber&quot;, &quot;&quot;)<br/>                        file = frame.get(&quot;fileName&quot;, &quot;&lt;anonymous&gt;&quot;)<br/>                        if line:<br/>                            file = f&quot;{file}:{line}&quot;<br/>                        meth = frame.get(&quot;methodName&quot;, &quot;&lt;anonymous&gt;&quot;)<br/>                        if &quot;className&quot; in frame:<br/>                            meth = f&quot;{frame[&#x27;className&#x27;]}.{meth}&quot;<br/>                        msg = &quot;    at %s (%s)&quot;<br/>                        msg = msg % (meth, file)<br/>                        stacktrace.append(msg)<br/>                except TypeError:<br/>                    pass<br/>        if exception_class == UnexpectedAlertPresentException:<br/>            alert_text = None<br/>            if &quot;data&quot; in value:<br/>                alert_text = value[&quot;data&quot;].get(&quot;text&quot;)<br/>            elif &quot;alert&quot; in value:<br/>                alert_text = value[&quot;alert&quot;].get(&quot;text&quot;)<br/>            raise exception_class(message, screen, stacktrace, alert_text)  # type: ignore[call-arg]  # mypy is not smart enough here<br/>&gt;       raise exception_class(message, screen, stacktrace)<br/><span class="error">E       selenium.common.exceptions.NoSuchElementException: Message: no such element: Unable to locate element: {&quot;method&quot;:&quot;xpath&quot;,&quot;selector&quot;:&quot;//div[@class=&#x27;legal-consent__button-container&#x27;]&quot;}</span><br/><span class="error">E         (Session info: headless chrome=113.0.5672.126)</span><br/><span class="error">E       Stacktrace:</span><br/><span class="error">E       0   chromedriver                        0x00000001028378ac chromedriver + 4257964</span><br/><span class="error">E       1   chromedriver                        0x000000010282ff40 chromedriver + 4226880</span><br/><span class="error">E       2   chromedriver                        0x000000010246c9d4 chromedriver + 281044</span><br/><span class="error">E       3   chromedriver                        0x00000001024a7a34 chromedriver + 522804</span><br/><span class="error">E       4   chromedriver                        0x00000001024de7e4 chromedriver + 747492</span><br/><span class="error">E       5   chromedriver                        0x000000010249b98c chromedriver + 473484</span><br/><span class="error">E       6   chromedriver                        0x000000010249c98c chromedriver + 477580</span><br/><span class="error">E       7   chromedriver                        0x00000001027f6900 chromedriver + 3991808</span><br/><span class="error">E       8   chromedriver                        0x00000001027fa354 chromedriver + 4006740</span><br/><span class="error">E       9   chromedriver                        0x00000001027fa940 chromedriver + 4008256</span><br/><span class="error">E       10  chromedriver                        0x000000010280033c chromedriver + 4031292</span><br/><span class="error">E       11  chromedriver                        0x00000001027faf34 chromedriver + 4009780</span><br/><span class="error">E       12  chromedriver                        0x00000001027d3490 chromedriver + 3847312</span><br/><span class="error">E       13  chromedriver                        0x00000001028189f4 chromedriver + 4131316</span><br/><span class="error">E       14  chromedriver                        0x0000000102818b4c chromedriver + 4131660</span><br/><span class="error">E       15  chromedriver                        0x0000000102829230 chromedriver + 4198960</span><br/><span class="error">E       16  libsystem_pthread.dylib             0x00000001977e7fa8 _pthread_start + 148</span><br/><span class="error">E       17  libsystem_pthread.dylib             0x00000001977e2da0 thread_start + 8</span><br/><br/>venv/lib/python3.9/site-packages/selenium/webdriver/remote/errorhandler.py:245: NoSuchElementException<br/> -----------------------------Captured stdout setup------------------------------ <br/>initiating Chrome driver
Web full screen testing
Headless mode
<br/> ------------------------------Captured stdout call------------------------------ <br/>Page title is Access denied
<br/> ----------------------------Captured stdout teardown---------------------------- <br/>Closed browser
<br/></div></td></tr></tbody>
      <tbody class="failed results-table-row">
        <tr>
          <td class="col-result">Failed</td>
          <td class="col-name">pytest_cases/test_mallcz.py::TestMallcz::test_check_carousel[carousel_seven-hooper_seven-hp_element_seven]</td>
          <td class="col-duration">19.03</td>
          <td class="col-links"></td></tr>
        <tr>
          <td class="extra" colspan="4">
            <div><div class="image"><a href="html_screenshots/scr20230530-123045.png"><img src="html_screenshots/scr20230530-123045.png"></a></div></div>
            <div class="log">driver = &lt;selenium.webdriver.chrome.webdriver.WebDriver (session=&quot;a7e3ef25013e36bbf3ad89ad5a0b2ad7&quot;)&gt;, page_name = &#x27;mcz_landing&#x27;, key = &#x27;allow_privacy&#x27;<br/><br/>    try:<br/>        WebDriverWait(driver, 15).until(ec.visibility_of_element_located(commons.get_by_prefix(page_name, key)))<br/>&gt;       WebDriverWait(driver, 15).until(ec.element_to_be_clickable(commons.get_by_prefix(page_name, key)))<br/><br/>src/base/base_function.py:12: <br/>_ _ _ _ _ _ _ _ _ _ _ _ _ _ _ _ _ _ _ _ _ _ _ _ _ _ _ _ _ _ _ _ _ _ _ _ _ _ _ _ <br/><br/>self = &lt;selenium.webdriver.support.wait.WebDriverWait (session=&quot;a7e3ef25013e36bbf3ad89ad5a0b2ad7&quot;)&gt;, method = &lt;function visibility_of_element_located.&lt;locals&gt;._predicate at 0x1065cd4c0&gt;<br/>message = &#x27;&#x27;<br/><br/>    def until(self, method, message: str = &quot;&quot;):<br/>        &quot;&quot;&quot;Calls the method provided with the driver as an argument until the \<br/>        return value does not evaluate to ``False``.<br/>    <br/>        :param method: callable(WebDriver)<br/>        :param message: optional message for :exc:`TimeoutException`<br/>        :returns: the result of the last call to `method`<br/>        :raises: :exc:`selenium.common.exceptions.TimeoutException` if timeout occurs<br/>        &quot;&quot;&quot;<br/>        screen = None<br/>        stacktrace = None<br/>    <br/>        end_time = time.monotonic() + self._timeout<br/>        while True:<br/>            try:<br/>                value = method(self._driver)<br/>                if value:<br/>                    return value<br/>            except self._ignored_exceptions as exc:<br/>                screen = getattr(exc, &quot;screen&quot;, None)<br/>                stacktrace = getattr(exc, &quot;stacktrace&quot;, None)<br/>            time.sleep(self._poll)<br/>            if time.monotonic() &gt; end_time:<br/>                break<br/>&gt;       raise TimeoutException(message, screen, stacktrace)<br/><span class="error">E       selenium.common.exceptions.TimeoutException: Message: </span><br/><span class="error">E       Stacktrace:</span><br/><span class="error">E       0   chromedriver                        0x000000010112b8ac chromedriver + 4257964</span><br/><span class="error">E       1   chromedriver                        0x0000000101123f40 chromedriver + 4226880</span><br/><span class="error">E       2   chromedriver                        0x0000000100d609d4 chromedriver + 281044</span><br/><span class="error">E       3   chromedriver                        0x0000000100d9ba34 chromedriver + 522804</span><br/><span class="error">E       4   chromedriver                        0x0000000100dd27e4 chromedriver + 747492</span><br/><span class="error">E       5   chromedriver                        0x0000000100d8f98c chromedriver + 473484</span><br/><span class="error">E       6   chromedriver                        0x0000000100d9098c chromedriver + 477580</span><br/><span class="error">E       7   chromedriver                        0x00000001010ea900 chromedriver + 3991808</span><br/><span class="error">E       8   chromedriver                        0x00000001010ee354 chromedriver + 4006740</span><br/><span class="error">E       9   chromedriver                        0x00000001010ee940 chromedriver + 4008256</span><br/><span class="error">E       10  chromedriver                        0x00000001010f433c chromedriver + 4031292</span><br/><span class="error">E       11  chromedriver                        0x00000001010eef34 chromedriver + 4009780</span><br/><span class="error">E       12  chromedriver                        0x00000001010c7490 chromedriver + 3847312</span><br/><span class="error">E       13  chromedriver                        0x000000010110c9f4 chromedriver + 4131316</span><br/><span class="error">E       14  chromedriver                        0x000000010110cb4c chromedriver + 4131660</span><br/><span class="error">E       15  chromedriver                        0x000000010111d230 chromedriver + 4198960</span><br/><span class="error">E       16  libsystem_pthread.dylib             0x00000001977e7fa8 _pthread_start + 148</span><br/><span class="error">E       17  libsystem_pthread.dylib             0x00000001977e2da0 thread_start + 8</span><br/><br/>venv/lib/python3.9/site-packages/selenium/webdriver/support/wait.py:95: TimeoutException<br/><br/>During handling of the above exception, another exception occurred:<br/><br/>self = &lt;test_mallcz.TestMallcz object at 0x10633ecd0&gt;, extra = [], carousel_number = &#x27;carousel_seven&#x27;, hooper_number = &#x27;hooper_seven&#x27;, hp_element_number = &#x27;hp_element_seven&#x27;<br/><br/>    @pytest.mark.parametrize(&#x27;carousel_number, hooper_number, hp_element_number&#x27;,<br/>                             [(&quot;carousel_one&quot;, &quot;hooper_one&quot;, &quot;hp_element_one&quot;),<br/>                              (&quot;carousel_two&quot;, &quot;hooper_two&quot;, &quot;hp_element_two&quot;),<br/>                              (&quot;carousel_three&quot;, &quot;hooper_three&quot;, &quot;hp_element_three&quot;),<br/>                              (&quot;carousel_four&quot;, &quot;hooper_four&quot;, &quot;hp_element_four&quot;),<br/>                              (&quot;carousel_five&quot;, &quot;hooper_five&quot;, &quot;hp_element_five&quot;),<br/>                              (&quot;carousel_six&quot;, &quot;hooper_six&quot;, &quot;hp_element_six&quot;),<br/>                              (&quot;carousel_seven&quot;, &quot;hooper_seven&quot;, &quot;hp_element_seven&quot;)])<br/>    def test_check_carousel(self, extra, carousel_number, hooper_number, hp_element_number):<br/>        print(f&quot;Page title is {self.driver.title}&quot;)<br/>&gt;       bf.clicks(self.driver, &quot;mcz_landing&quot;, &quot;allow_privacy&quot;)<br/><br/>pytest_cases/test_mallcz.py:17: <br/>_ _ _ _ _ _ _ _ _ _ _ _ _ _ _ _ _ _ _ _ _ _ _ _ _ _ _ _ _ _ _ _ _ _ _ _ _ _ _ _ <br/>src/base/base_function.py:18: in clicks<br/>    print(f&quot;2nd try: Clicks Element {key} from Page {page_name}&quot;)<br/>src/base/commons.py:21: in get_element<br/>    element = driver.find_element(By.XPATH, locator)<br/>venv/lib/python3.9/site-packages/selenium/webdriver/remote/webdriver.py:831: in find_element<br/>    return self.execute(Command.FIND_ELEMENT, {&quot;using&quot;: by, &quot;value&quot;: value})[&quot;value&quot;]<br/>venv/lib/python3.9/site-packages/selenium/webdriver/remote/webdriver.py:440: in execute<br/>    self.error_handler.check_response(response)<br/>_ _ _ _ _ _ _ _ _ _ _ _ _ _ _ _ _ _ _ _ _ _ _ _ _ _ _ _ _ _ _ _ _ _ _ _ _ _ _ _ <br/><br/>self = &lt;selenium.webdriver.remote.errorhandler.ErrorHandler object at 0x1065f3bb0&gt;<br/>response = {&#x27;status&#x27;: 404, &#x27;value&#x27;: &#x27;{&quot;value&quot;:{&quot;error&quot;:&quot;no such element&quot;,&quot;message&quot;:&quot;no such element: Unable to locate element: {\...0001977e7fa8 _pthread_start + 148\\n17  libsystem_pthread.dylib             0x00000001977e2da0 thread_start + 8\\n&quot;}}&#x27;}<br/><br/>    def check_response(self, response: Dict[str, Any]) -&gt; None:<br/>        &quot;&quot;&quot;Checks that a JSON response from the WebDriver does not have an<br/>        error.<br/>    <br/>        :Args:<br/>         - response - The JSON response from the WebDriver server as a dictionary<br/>           object.<br/>    <br/>        :Raises: If the response contains an error message.<br/>        &quot;&quot;&quot;<br/>        status = response.get(&quot;status&quot;, None)<br/>        if not status or status == ErrorCode.SUCCESS:<br/>            return<br/>        value = None<br/>        message = response.get(&quot;message&quot;, &quot;&quot;)<br/>        screen: str = response.get(&quot;screen&quot;, &quot;&quot;)<br/>        stacktrace = None<br/>        if isinstance(status, int):<br/>            value_json = response.get(&quot;value&quot;, None)<br/>            if value_json and isinstance(value_json, str):<br/>                import json<br/>    <br/>                try:<br/>                    value = json.loads(value_json)<br/>                    if len(value) == 1:<br/>                        value = value[&quot;value&quot;]<br/>                    status = value.get(&quot;error&quot;, None)<br/>                    if not status:<br/>                        status = value.get(&quot;status&quot;, ErrorCode.UNKNOWN_ERROR)<br/>                        message = value.get(&quot;value&quot;) or value.get(&quot;message&quot;)<br/>                        if not isinstance(message, str):<br/>                            value = message<br/>                            message = message.get(&quot;message&quot;)<br/>                    else:<br/>                        message = value.get(&quot;message&quot;, None)<br/>                except ValueError:<br/>                    pass<br/>    <br/>        exception_class: Type[WebDriverException]<br/>        if status in ErrorCode.NO_SUCH_ELEMENT:<br/>            exception_class = NoSuchElementException<br/>        elif status in ErrorCode.NO_SUCH_FRAME:<br/>            exception_class = NoSuchFrameException<br/>        elif status in ErrorCode.NO_SUCH_SHADOW_ROOT:<br/>            exception_class = NoSuchShadowRootException<br/>        elif status in ErrorCode.NO_SUCH_WINDOW:<br/>            exception_class = NoSuchWindowException<br/>        elif status in ErrorCode.STALE_ELEMENT_REFERENCE:<br/>            exception_class = StaleElementReferenceException<br/>        elif status in ErrorCode.ELEMENT_NOT_VISIBLE:<br/>            exception_class = ElementNotVisibleException<br/>        elif status in ErrorCode.INVALID_ELEMENT_STATE:<br/>            exception_class = InvalidElementStateException<br/>        elif (<br/>            status in ErrorCode.INVALID_SELECTOR<br/>            or status in ErrorCode.INVALID_XPATH_SELECTOR<br/>            or status in ErrorCode.INVALID_XPATH_SELECTOR_RETURN_TYPER<br/>        ):<br/>            exception_class = InvalidSelectorException<br/>        elif status in ErrorCode.ELEMENT_IS_NOT_SELECTABLE:<br/>            exception_class = ElementNotSelectableException<br/>        elif status in ErrorCode.ELEMENT_NOT_INTERACTABLE:<br/>            exception_class = ElementNotInteractableException<br/>        elif status in ErrorCode.INVALID_COOKIE_DOMAIN:<br/>            exception_class = InvalidCookieDomainException<br/>        elif status in ErrorCode.UNABLE_TO_SET_COOKIE:<br/>            exception_class = UnableToSetCookieException<br/>        elif status in ErrorCode.TIMEOUT:<br/>            exception_class = TimeoutException<br/>        elif status in ErrorCode.SCRIPT_TIMEOUT:<br/>            exception_class = TimeoutException<br/>        elif status in ErrorCode.UNKNOWN_ERROR:<br/>            exception_class = WebDriverException<br/>        elif status in ErrorCode.UNEXPECTED_ALERT_OPEN:<br/>            exception_class = UnexpectedAlertPresentException<br/>        elif status in ErrorCode.NO_ALERT_OPEN:<br/>            exception_class = NoAlertPresentException<br/>        elif status in ErrorCode.IME_NOT_AVAILABLE:<br/>            exception_class = ImeNotAvailableException<br/>        elif status in ErrorCode.IME_ENGINE_ACTIVATION_FAILED:<br/>            exception_class = ImeActivationFailedException<br/>        elif status in ErrorCode.MOVE_TARGET_OUT_OF_BOUNDS:<br/>            exception_class = MoveTargetOutOfBoundsException<br/>        elif status in ErrorCode.JAVASCRIPT_ERROR:<br/>            exception_class = JavascriptException<br/>        elif status in ErrorCode.SESSION_NOT_CREATED:<br/>            exception_class = SessionNotCreatedException<br/>        elif status in ErrorCode.INVALID_ARGUMENT:<br/>            exception_class = InvalidArgumentException<br/>        elif status in ErrorCode.NO_SUCH_COOKIE:<br/>            exception_class = NoSuchCookieException<br/>        elif status in ErrorCode.UNABLE_TO_CAPTURE_SCREEN:<br/>            exception_class = ScreenshotException<br/>        elif status in ErrorCode.ELEMENT_CLICK_INTERCEPTED:<br/>            exception_class = ElementClickInterceptedException<br/>        elif status in ErrorCode.INSECURE_CERTIFICATE:<br/>            exception_class = InsecureCertificateException<br/>        elif status in ErrorCode.INVALID_COORDINATES:<br/>            exception_class = InvalidCoordinatesException<br/>        elif status in ErrorCode.INVALID_SESSION_ID:<br/>            exception_class = InvalidSessionIdException<br/>        elif status in ErrorCode.UNKNOWN_METHOD:<br/>            exception_class = UnknownMethodException<br/>        else:<br/>            exception_class = WebDriverException<br/>        if not value:<br/>            value = response[&quot;value&quot;]<br/>        if isinstance(value, str):<br/>            raise exception_class(value)<br/>        if message == &quot;&quot; and &quot;message&quot; in value:<br/>            message = value[&quot;message&quot;]<br/>    <br/>        screen = None  # type: ignore[assignment]<br/>        if &quot;screen&quot; in value:<br/>            screen = value[&quot;screen&quot;]<br/>    <br/>        stacktrace = None<br/>        st_value = value.get(&quot;stackTrace&quot;) or value.get(&quot;stacktrace&quot;)<br/>        if st_value:<br/>            if isinstance(st_value, str):<br/>                stacktrace = st_value.split(&quot;\n&quot;)<br/>            else:<br/>                stacktrace = []<br/>                try:<br/>                    for frame in st_value:<br/>                        line = frame.get(&quot;lineNumber&quot;, &quot;&quot;)<br/>                        file = frame.get(&quot;fileName&quot;, &quot;&lt;anonymous&gt;&quot;)<br/>                        if line:<br/>                            file = f&quot;{file}:{line}&quot;<br/>                        meth = frame.get(&quot;methodName&quot;, &quot;&lt;anonymous&gt;&quot;)<br/>                        if &quot;className&quot; in frame:<br/>                            meth = f&quot;{frame[&#x27;className&#x27;]}.{meth}&quot;<br/>                        msg = &quot;    at %s (%s)&quot;<br/>                        msg = msg % (meth, file)<br/>                        stacktrace.append(msg)<br/>                except TypeError:<br/>                    pass<br/>        if exception_class == UnexpectedAlertPresentException:<br/>            alert_text = None<br/>            if &quot;data&quot; in value:<br/>                alert_text = value[&quot;data&quot;].get(&quot;text&quot;)<br/>            elif &quot;alert&quot; in value:<br/>                alert_text = value[&quot;alert&quot;].get(&quot;text&quot;)<br/>            raise exception_class(message, screen, stacktrace, alert_text)  # type: ignore[call-arg]  # mypy is not smart enough here<br/>&gt;       raise exception_class(message, screen, stacktrace)<br/><span class="error">E       selenium.common.exceptions.NoSuchElementException: Message: no such element: Unable to locate element: {&quot;method&quot;:&quot;xpath&quot;,&quot;selector&quot;:&quot;//div[@class=&#x27;legal-consent__button-container&#x27;]&quot;}</span><br/><span class="error">E         (Session info: headless chrome=113.0.5672.126)</span><br/><span class="error">E       Stacktrace:</span><br/><span class="error">E       0   chromedriver                        0x000000010112b8ac chromedriver + 4257964</span><br/><span class="error">E       1   chromedriver                        0x0000000101123f40 chromedriver + 4226880</span><br/><span class="error">E       2   chromedriver                        0x0000000100d609d4 chromedriver + 281044</span><br/><span class="error">E       3   chromedriver                        0x0000000100d9ba34 chromedriver + 522804</span><br/><span class="error">E       4   chromedriver                        0x0000000100dd27e4 chromedriver + 747492</span><br/><span class="error">E       5   chromedriver                        0x0000000100d8f98c chromedriver + 473484</span><br/><span class="error">E       6   chromedriver                        0x0000000100d9098c chromedriver + 477580</span><br/><span class="error">E       7   chromedriver                        0x00000001010ea900 chromedriver + 3991808</span><br/><span class="error">E       8   chromedriver                        0x00000001010ee354 chromedriver + 4006740</span><br/><span class="error">E       9   chromedriver                        0x00000001010ee940 chromedriver + 4008256</span><br/><span class="error">E       10  chromedriver                        0x00000001010f433c chromedriver + 4031292</span><br/><span class="error">E       11  chromedriver                        0x00000001010eef34 chromedriver + 4009780</span><br/><span class="error">E       12  chromedriver                        0x00000001010c7490 chromedriver + 3847312</span><br/><span class="error">E       13  chromedriver                        0x000000010110c9f4 chromedriver + 4131316</span><br/><span class="error">E       14  chromedriver                        0x000000010110cb4c chromedriver + 4131660</span><br/><span class="error">E       15  chromedriver                        0x000000010111d230 chromedriver + 4198960</span><br/><span class="error">E       16  libsystem_pthread.dylib             0x00000001977e7fa8 _pthread_start + 148</span><br/><span class="error">E       17  libsystem_pthread.dylib             0x00000001977e2da0 thread_start + 8</span><br/><br/>venv/lib/python3.9/site-packages/selenium/webdriver/remote/errorhandler.py:245: NoSuchElementException<br/> -----------------------------Captured stdout setup------------------------------ <br/>initiating Chrome driver
Web full screen testing
Headless mode
<br/> ------------------------------Captured stdout call------------------------------ <br/>Page title is Access denied
<br/> ----------------------------Captured stdout teardown---------------------------- <br/>Closed browser
<br/></div></td></tr></tbody></table></body></html>